<?xml version="1.0" encoding="UTF-8"?>
<robot generator="Robot 4.0.3 (Python 3.7.0 on win32)" generated="20210608 13:54:57.054" rpa="false" schemaversion="2">
<suite id="s1" name="Test Suite" source="C:\Users\puppy\Desktop\lab6_code\test_suite">
<suite id="s1-s1" name="Category" source="C:\Users\puppy\Desktop\lab6_code\test_suite\category.robot">
<kw name="Open Chrome And Go To Home Page" library="open_and_close_chrom" type="SETUP">
<kw name="Open Browser" library="SeleniumLibrary">
<arg>${URL}</arg>
<arg>${BROWSER}</arg>
<doc>Opens a new browser instance to the optional ``url``.</doc>
<msg timestamp="20210608 13:54:57.371" level="INFO">Opening browser 'Chrome' to base url 'http://127.0.0.1:3000/'.</msg>
<status status="PASS" starttime="20210608 13:54:57.371" endtime="20210608 13:55:00.916"/>
</kw>
<kw name="Maximize Browser Window" library="SeleniumLibrary">
<doc>Maximizes current browser window.</doc>
<status status="PASS" starttime="20210608 13:55:00.916" endtime="20210608 13:55:01.053"/>
</kw>
<kw name="Wait Until Home Page Is Visible" library="wait_until">
<kw name="Wait Until Page Contains Element" library="SeleniumLibrary">
<arg>//*[contains(text(), "Sign in") and @href="/keystone/signin"]</arg>
<doc>Waits until the element ``locator`` appears on the current page.</doc>
<status status="PASS" starttime="20210608 13:55:01.054" endtime="20210608 13:55:01.093"/>
</kw>
<status status="PASS" starttime="20210608 13:55:01.053" endtime="20210608 13:55:01.094"/>
</kw>
<status status="PASS" starttime="20210608 13:54:57.371" endtime="20210608 13:55:01.094"/>
</kw>
<test id="s1-s1-t1" name="Test Create A Category">
<kw name="Run Keywords" library="BuiltIn" type="SETUP">
<arg>GO TO Sign In Page From Home Page</arg>
<arg>AND</arg>
<arg>Sign In As Admin</arg>
<arg>AND</arg>
<arg>Go To Categories Page From Admin Ui Page</arg>
<doc>Executes all the given keywords in a sequence.</doc>
<kw name="GO TO Sign In Page From Home Page" library="go_to_page_from_page">
<kw name="Click Sign In Button" library="on_home_page">
<kw name="Sleep" library="BuiltIn">
<arg>2s</arg>
<doc>Pauses the test executed for the given time.</doc>
<msg timestamp="20210608 13:55:03.115" level="INFO">Slept 2 seconds</msg>
<status status="PASS" starttime="20210608 13:55:01.103" endtime="20210608 13:55:03.115"/>
</kw>
<kw name="Click Element" library="SeleniumLibrary">
<arg>//a[@class="btn btn-default" and contains(text(), "Sign in") and @href="/keystone/signin"]</arg>
<doc>Click the element identified by ``locator``.</doc>
<msg timestamp="20210608 13:55:03.116" level="INFO">Clicking element '//a[@class="btn btn-default" and contains(text(), "Sign in") and @href="/keystone/signin"]'.</msg>
<status status="PASS" starttime="20210608 13:55:03.115" endtime="20210608 13:55:03.561"/>
</kw>
<kw name="Wait Until Sign In Page Is Visible" library="wait_until">
<kw name="Wait Until Page Contains Element" library="SeleniumLibrary">
<arg>//*[contains(@class, "logo")]</arg>
<doc>Waits until the element ``locator`` appears on the current page.</doc>
<status status="PASS" starttime="20210608 13:55:03.563" endtime="20210608 13:55:03.579"/>
</kw>
<status status="PASS" starttime="20210608 13:55:03.563" endtime="20210608 13:55:03.579"/>
</kw>
<status status="PASS" starttime="20210608 13:55:01.103" endtime="20210608 13:55:03.580"/>
</kw>
<status status="PASS" starttime="20210608 13:55:01.101" endtime="20210608 13:55:03.580"/>
</kw>
<kw name="Sign In As Admin" library="on_sign_in_page">
<kw name="Input Email" library="on_sign_in_page">
<arg>demo@keystonejs.com</arg>
<kw name="Input Text" library="SeleniumLibrary">
<arg>//*[@name="email"]</arg>
<arg>${email}</arg>
<doc>Types the given ``text`` into the text field identified by ``locator``.</doc>
<msg timestamp="20210608 13:55:03.583" level="INFO">Typing text 'demo@keystonejs.com' into text field '//*[@name="email"]'.</msg>
<status status="PASS" starttime="20210608 13:55:03.583" endtime="20210608 13:55:03.713"/>
</kw>
<status status="PASS" starttime="20210608 13:55:03.581" endtime="20210608 13:55:03.713"/>
</kw>
<kw name="Input Password" library="on_sign_in_page">
<arg>demo</arg>
<kw name="Input Text" library="SeleniumLibrary">
<arg>//*[@name="password"]</arg>
<arg>${password}</arg>
<doc>Types the given ``text`` into the text field identified by ``locator``.</doc>
<msg timestamp="20210608 13:55:03.714" level="INFO">Typing text 'demo' into text field '//*[@name="password"]'.</msg>
<status status="PASS" starttime="20210608 13:55:03.713" endtime="20210608 13:55:03.802"/>
</kw>
<status status="PASS" starttime="20210608 13:55:03.713" endtime="20210608 13:55:03.802"/>
</kw>
<kw name="Submit Email And Password" library="on_sign_in_page">
<kw name="Submit Form" library="SeleniumLibrary">
<doc>Submits a form identified by ``locator``.</doc>
<msg timestamp="20210608 13:55:03.803" level="INFO">Submitting form 'None'.</msg>
<status status="PASS" starttime="20210608 13:55:03.803" endtime="20210608 13:55:03.841"/>
</kw>
<status status="PASS" starttime="20210608 13:55:03.802" endtime="20210608 13:55:03.841"/>
</kw>
<kw name="Wait Until Admin Ui Page Is Visible" library="wait_until">
<kw name="Wait Until Page Contains Element" library="SeleniumLibrary">
<arg>//*[contains(@class, "dashboard-group")]</arg>
<doc>Waits until the element ``locator`` appears on the current page.</doc>
<status status="PASS" starttime="20210608 13:55:03.842" endtime="20210608 13:55:05.178"/>
</kw>
<status status="PASS" starttime="20210608 13:55:03.841" endtime="20210608 13:55:05.178"/>
</kw>
<status status="PASS" starttime="20210608 13:55:03.581" endtime="20210608 13:55:05.178"/>
</kw>
<kw name="Go To Categories Page From Admin Ui Page" library="go_to_page_from_page">
<kw name="Click A Dashboard Button" library="on_admin_ui_page">
<arg>Posts</arg>
<arg>Categories</arg>
<kw name="Set Variable" library="BuiltIn">
<var>${dashboardButton}</var>
<arg>//*[contains(@data-section-label,'${heading}')]//*[contains(@class, "dashboard-group__list-label") and text()='${lable}']</arg>
<doc>Returns the given values which can then be assigned to a variables.</doc>
<msg timestamp="20210608 13:55:05.180" level="INFO">${dashboardButton} = //*[contains(@data-section-label,'Posts')]//*[contains(@class, "dashboard-group__list-label") and text()='Categories']</msg>
<status status="PASS" starttime="20210608 13:55:05.179" endtime="20210608 13:55:05.180"/>
</kw>
<kw name="Click Element" library="SeleniumLibrary">
<arg>${dashboardButton}</arg>
<doc>Click the element identified by ``locator``.</doc>
<msg timestamp="20210608 13:55:05.180" level="INFO">Clicking element '//*[contains(@data-section-label,'Posts')]//*[contains(@class, "dashboard-group__list-label") and text()='Categories']'.</msg>
<status status="PASS" starttime="20210608 13:55:05.180" endtime="20210608 13:55:05.242"/>
</kw>
<kw name="Wait Until Posts Page Is Visible" library="wait_until">
<kw name="Wait Until Page Contains Element" library="SeleniumLibrary">
<arg>//*[contains(text(), "Manage") or contains(text(), "Create ")]</arg>
<doc>Waits until the element ``locator`` appears on the current page.</doc>
<status status="PASS" starttime="20210608 13:55:05.243" endtime="20210608 13:55:05.270"/>
</kw>
<status status="PASS" starttime="20210608 13:55:05.242" endtime="20210608 13:55:05.270"/>
</kw>
<status status="PASS" starttime="20210608 13:55:05.179" endtime="20210608 13:55:05.270"/>
</kw>
<status status="PASS" starttime="20210608 13:55:05.179" endtime="20210608 13:55:05.270"/>
</kw>
<status status="PASS" starttime="20210608 13:55:01.099" endtime="20210608 13:55:05.271"/>
</kw>
<kw name="Create A Category" library="on_categories_page">
<arg>${categoryName}</arg>
<kw name="Click Create Category Button" library="on_categories_page">
<kw name="Click Element" library="SeleniumLibrary">
<arg>//*[contains(text(), "Create ")]</arg>
<doc>Click the element identified by ``locator``.</doc>
<msg timestamp="20210608 13:55:05.272" level="INFO">Clicking element '//*[contains(text(), "Create ")]'.</msg>
<status status="PASS" starttime="20210608 13:55:05.272" endtime="20210608 13:55:05.337"/>
</kw>
<kw name="Wait Until Create A New Category Dialog Is Visible" library="wait_until">
<kw name="Wait Until Page Contains Element" library="SeleniumLibrary">
<arg>//*[text()="Create a new Category"]</arg>
<doc>Waits until the element ``locator`` appears on the current page.</doc>
<status status="PASS" starttime="20210608 13:55:05.338" endtime="20210608 13:55:05.357"/>
</kw>
<status status="PASS" starttime="20210608 13:55:05.338" endtime="20210608 13:55:05.357"/>
</kw>
<status status="PASS" starttime="20210608 13:55:05.271" endtime="20210608 13:55:05.358"/>
</kw>
<kw name="Input Category Name" library="on_categories_page">
<arg>${categoryName}</arg>
<kw name="Input Text" library="SeleniumLibrary">
<arg>//*[@name="name"]</arg>
<arg>${categoryName}</arg>
<doc>Types the given ``text`` into the text field identified by ``locator``.</doc>
<msg timestamp="20210608 13:55:05.359" level="INFO">Typing text 'categoryName' into text field '//*[@name="name"]'.</msg>
<status status="PASS" starttime="20210608 13:55:05.359" endtime="20210608 13:55:05.466"/>
</kw>
<status status="PASS" starttime="20210608 13:55:05.358" endtime="20210608 13:55:05.466"/>
</kw>
<kw name="Submit Form" library="SeleniumLibrary">
<doc>Submits a form identified by ``locator``.</doc>
<msg timestamp="20210608 13:55:05.466" level="INFO">Submitting form 'None'.</msg>
<status status="PASS" starttime="20210608 13:55:05.466" endtime="20210608 13:55:05.498"/>
</kw>
<kw name="Wait Until Edit Category Page Is Visible" library="wait_until">
<kw name="Wait Until Page Contains Element" library="SeleniumLibrary">
<arg>//*[contains(@data-e2e-editform-header-back, "true") and contains(@href, "/keystone/post-categories")]</arg>
<doc>Waits until the element ``locator`` appears on the current page.</doc>
<status status="PASS" starttime="20210608 13:55:05.499" endtime="20210608 13:55:05.737"/>
</kw>
<status status="PASS" starttime="20210608 13:55:05.498" endtime="20210608 13:55:05.737"/>
</kw>
<status status="PASS" starttime="20210608 13:55:05.271" endtime="20210608 13:55:05.737"/>
</kw>
<kw name="Go To Categories Page From Edit Category Page" library="go_to_page_from_page">
<kw name="Click Go Back To Categories Page Button" library="on_edit_category_page">
<kw name="Click Element" library="SeleniumLibrary">
<arg>//*[@class="css-dmf4a8" and @href="/keystone/post-categories"]</arg>
<doc>Click the element identified by ``locator``.</doc>
<msg timestamp="20210608 13:55:05.739" level="INFO">Clicking element '//*[@class="css-dmf4a8" and @href="/keystone/post-categories"]'.</msg>
<status status="PASS" starttime="20210608 13:55:05.739" endtime="20210608 13:55:05.795"/>
</kw>
<kw name="Wait Until Posts Page Is Visible" library="wait_until">
<kw name="Wait Until Page Contains Element" library="SeleniumLibrary">
<arg>//*[contains(text(), "Manage") or contains(text(), "Create ")]</arg>
<doc>Waits until the element ``locator`` appears on the current page.</doc>
<status status="PASS" starttime="20210608 13:55:05.796" endtime="20210608 13:55:05.854"/>
</kw>
<status status="PASS" starttime="20210608 13:55:05.796" endtime="20210608 13:55:05.854"/>
</kw>
<status status="PASS" starttime="20210608 13:55:05.738" endtime="20210608 13:55:05.854"/>
</kw>
<status status="PASS" starttime="20210608 13:55:05.738" endtime="20210608 13:55:05.854"/>
</kw>
<kw name="Verify Categories Page Have Category" library="on_categories_page">
<arg>${categoryName}</arg>
<kw name="Wait Until Element Is Visible" library="SeleniumLibrary">
<arg>//*[contains(@href, "/keystone/post-categories/") and text()="${categoryName}"]</arg>
<doc>Waits until the element ``locator`` is visible.</doc>
<status status="PASS" starttime="20210608 13:55:05.855" endtime="20210608 13:55:05.881"/>
</kw>
<status status="PASS" starttime="20210608 13:55:05.854" endtime="20210608 13:55:05.882"/>
</kw>
<kw name="Run Keywords" library="BuiltIn" type="TEARDOWN">
<arg>Delete A Category</arg>
<arg>${categoryName}</arg>
<arg>AND</arg>
<arg>Sign Out</arg>
<arg>AND</arg>
<arg>Go To Home Page From Sign In Page</arg>
<arg>AND</arg>
<arg>Sleep</arg>
<arg>5s</arg>
<doc>Executes all the given keywords in a sequence.</doc>
<kw name="Delete A Category" library="on_categories_page">
<arg>${categoryName}</arg>
<kw name="Click Trash Can button" library="on_categories_page">
<arg>${categoryName}</arg>
<kw name="Click Element" library="SeleniumLibrary">
<arg>//*[contains(@href, "/keystone/post-categories/") and text()="${categoryName}"]/parent::td/parent::tr//*[@class="ItemList__control ItemList__control--delete"]</arg>
<doc>Click the element identified by ``locator``.</doc>
<msg timestamp="20210608 13:55:05.883" level="INFO">Clicking element '//*[contains(@href, "/keystone/post-categories/") and text()="categoryName"]/parent::td/parent::tr//*[@class="ItemList__control ItemList__control--delete"]'.</msg>
<status status="PASS" starttime="20210608 13:55:05.883" endtime="20210608 13:55:05.947"/>
</kw>
<kw name="Wait Until Delete Warning Dialog Is Visible" library="wait_until">
<kw name="Wait Until Page Contains Element" library="SeleniumLibrary">
<arg>//*[contains(@data-button-type, "confirm") and contains(text(), "Delete")]</arg>
<doc>Waits until the element ``locator`` appears on the current page.</doc>
<status status="PASS" starttime="20210608 13:55:05.948" endtime="20210608 13:55:05.961"/>
</kw>
<status status="PASS" starttime="20210608 13:55:05.948" endtime="20210608 13:55:05.962"/>
</kw>
<status status="PASS" starttime="20210608 13:55:05.883" endtime="20210608 13:55:05.962"/>
</kw>
<kw name="Click Delete Button" library="on_posts_page">
<kw name="Click Element" library="SeleniumLibrary">
<arg>//*[contains(@data-button-type, "confirm") and contains(text(), "Delete")]</arg>
<doc>Click the element identified by ``locator``.</doc>
<msg timestamp="20210608 13:55:05.963" level="INFO">Clicking element '//*[contains(@data-button-type, "confirm") and contains(text(), "Delete")]'.</msg>
<status status="PASS" starttime="20210608 13:55:05.963" endtime="20210608 13:55:06.005"/>
</kw>
<kw name="Wait Until Posts Page Is Visible" library="wait_until">
<kw name="Wait Until Page Contains Element" library="SeleniumLibrary">
<arg>//*[contains(text(), "Manage") or contains(text(), "Create ")]</arg>
<doc>Waits until the element ``locator`` appears on the current page.</doc>
<status status="PASS" starttime="20210608 13:55:06.005" endtime="20210608 13:55:06.020"/>
</kw>
<status status="PASS" starttime="20210608 13:55:06.005" endtime="20210608 13:55:06.020"/>
</kw>
<status status="PASS" starttime="20210608 13:55:05.962" endtime="20210608 13:55:06.020"/>
</kw>
<status status="PASS" starttime="20210608 13:55:05.882" endtime="20210608 13:55:06.020"/>
</kw>
<kw name="Sign Out" library="on_posts_page">
<kw name="Click Sign Out Button" library="on_posts_page">
<kw name="Click Element" library="SeleniumLibrary">
<arg>//*[@href = "/keystone/signout"]</arg>
<doc>Click the element identified by ``locator``.</doc>
<msg timestamp="20210608 13:55:06.023" level="INFO">Clicking element '//*[@href = "/keystone/signout"]'.</msg>
<status status="PASS" starttime="20210608 13:55:06.023" endtime="20210608 13:55:06.486"/>
</kw>
<kw name="Wait Until Sign In Page Is Visible" library="wait_until">
<kw name="Wait Until Page Contains Element" library="SeleniumLibrary">
<arg>//*[contains(@class, "logo")]</arg>
<doc>Waits until the element ``locator`` appears on the current page.</doc>
<status status="PASS" starttime="20210608 13:55:06.487" endtime="20210608 13:55:06.500"/>
</kw>
<status status="PASS" starttime="20210608 13:55:06.487" endtime="20210608 13:55:06.501"/>
</kw>
<status status="PASS" starttime="20210608 13:55:06.022" endtime="20210608 13:55:06.501"/>
</kw>
<status status="PASS" starttime="20210608 13:55:06.021" endtime="20210608 13:55:06.501"/>
</kw>
<kw name="Go To Home Page From Sign In Page" library="go_to_page_from_page">
<kw name="Click Logo Button" library="on_sign_in_page">
<kw name="Click Element" library="SeleniumLibrary">
<arg>//*[contains(@class, "logo")]</arg>
<doc>Click the element identified by ``locator``.</doc>
<msg timestamp="20210608 13:55:06.503" level="INFO">Clicking element '//*[contains(@class, "logo")]'.</msg>
<status status="PASS" starttime="20210608 13:55:06.503" endtime="20210608 13:55:06.922"/>
</kw>
<kw name="Wait Until Home Page Is Visible" library="wait_until">
<kw name="Wait Until Page Contains Element" library="SeleniumLibrary">
<arg>//*[contains(text(), "Sign in") and @href="/keystone/signin"]</arg>
<doc>Waits until the element ``locator`` appears on the current page.</doc>
<status status="PASS" starttime="20210608 13:55:06.923" endtime="20210608 13:55:06.934"/>
</kw>
<status status="PASS" starttime="20210608 13:55:06.923" endtime="20210608 13:55:06.934"/>
</kw>
<status status="PASS" starttime="20210608 13:55:06.502" endtime="20210608 13:55:06.935"/>
</kw>
<status status="PASS" starttime="20210608 13:55:06.501" endtime="20210608 13:55:06.935"/>
</kw>
<kw name="Sleep" library="BuiltIn">
<arg>5s</arg>
<doc>Pauses the test executed for the given time.</doc>
<msg timestamp="20210608 13:55:11.945" level="INFO">Slept 5 seconds</msg>
<status status="PASS" starttime="20210608 13:55:06.935" endtime="20210608 13:55:11.945"/>
</kw>
<status status="PASS" starttime="20210608 13:55:05.882" endtime="20210608 13:55:11.945"/>
</kw>
<tag>TC-008a</tag>
<status status="PASS" starttime="20210608 13:55:01.095" endtime="20210608 13:55:11.945"/>
</test>
<kw name="Close Chrome" library="open_and_close_chrom" type="TEARDOWN">
<kw name="Close Browser" library="SeleniumLibrary">
<doc>Closes the current browser.</doc>
<status status="PASS" starttime="20210608 13:55:11.946" endtime="20210608 13:55:14.145"/>
</kw>
<status status="PASS" starttime="20210608 13:55:11.946" endtime="20210608 13:55:14.146"/>
</kw>
<status status="PASS" starttime="20210608 13:54:57.083" endtime="20210608 13:55:14.146"/>
</suite>
<suite id="s1-s2" name="Comment" source="C:\Users\puppy\Desktop\lab6_code\test_suite\comment.robot">
<kw name="Open Chrome And Go To Home Page" library="open_and_close_chrom" type="SETUP">
<kw name="Open Browser" library="SeleniumLibrary">
<arg>${URL}</arg>
<arg>${BROWSER}</arg>
<doc>Opens a new browser instance to the optional ``url``.</doc>
<msg timestamp="20210608 13:55:14.184" level="INFO">Opening browser 'Chrome' to base url 'http://127.0.0.1:3000/'.</msg>
<status status="PASS" starttime="20210608 13:55:14.183" endtime="20210608 13:55:16.298"/>
</kw>
<kw name="Maximize Browser Window" library="SeleniumLibrary">
<doc>Maximizes current browser window.</doc>
<status status="PASS" starttime="20210608 13:55:16.298" endtime="20210608 13:55:16.427"/>
</kw>
<kw name="Wait Until Home Page Is Visible" library="wait_until">
<kw name="Wait Until Page Contains Element" library="SeleniumLibrary">
<arg>//*[contains(text(), "Sign in") and @href="/keystone/signin"]</arg>
<doc>Waits until the element ``locator`` appears on the current page.</doc>
<status status="PASS" starttime="20210608 13:55:16.429" endtime="20210608 13:55:16.458"/>
</kw>
<status status="PASS" starttime="20210608 13:55:16.427" endtime="20210608 13:55:16.458"/>
</kw>
<status status="PASS" starttime="20210608 13:55:14.183" endtime="20210608 13:55:16.458"/>
</kw>
<test id="s1-s2-t1" name="Test Create A Comment">
<kw name="Run Keywords" library="BuiltIn" type="SETUP">
<arg>GO TO Sign In Page From Home Page</arg>
<arg>AND</arg>
<arg>Sign In As Admin</arg>
<arg>AND</arg>
<arg>Go To Posts Page From Admin Ui Page</arg>
<arg>AND</arg>
<arg>Create A Post</arg>
<arg>${commentPostName}</arg>
<arg>AND</arg>
<arg>Go Admin Ui Page From Edit Post Page</arg>
<arg>AND</arg>
<arg>Go To Comments Page From Admin Ui Page</arg>
<doc>Executes all the given keywords in a sequence.</doc>
<kw name="GO TO Sign In Page From Home Page" library="go_to_page_from_page">
<kw name="Click Sign In Button" library="on_home_page">
<kw name="Sleep" library="BuiltIn">
<arg>2s</arg>
<doc>Pauses the test executed for the given time.</doc>
<msg timestamp="20210608 13:55:18.464" level="INFO">Slept 2 seconds</msg>
<status status="PASS" starttime="20210608 13:55:16.462" endtime="20210608 13:55:18.464"/>
</kw>
<kw name="Click Element" library="SeleniumLibrary">
<arg>//a[@class="btn btn-default" and contains(text(), "Sign in") and @href="/keystone/signin"]</arg>
<doc>Click the element identified by ``locator``.</doc>
<msg timestamp="20210608 13:55:18.473" level="INFO">Clicking element '//a[@class="btn btn-default" and contains(text(), "Sign in") and @href="/keystone/signin"]'.</msg>
<status status="PASS" starttime="20210608 13:55:18.464" endtime="20210608 13:55:18.738"/>
</kw>
<kw name="Wait Until Sign In Page Is Visible" library="wait_until">
<kw name="Wait Until Page Contains Element" library="SeleniumLibrary">
<arg>//*[contains(@class, "logo")]</arg>
<doc>Waits until the element ``locator`` appears on the current page.</doc>
<status status="PASS" starttime="20210608 13:55:18.740" endtime="20210608 13:55:18.759"/>
</kw>
<status status="PASS" starttime="20210608 13:55:18.739" endtime="20210608 13:55:18.759"/>
</kw>
<status status="PASS" starttime="20210608 13:55:16.461" endtime="20210608 13:55:18.759"/>
</kw>
<status status="PASS" starttime="20210608 13:55:16.460" endtime="20210608 13:55:18.760"/>
</kw>
<kw name="Sign In As Admin" library="on_sign_in_page">
<kw name="Input Email" library="on_sign_in_page">
<arg>demo@keystonejs.com</arg>
<kw name="Input Text" library="SeleniumLibrary">
<arg>//*[@name="email"]</arg>
<arg>${email}</arg>
<doc>Types the given ``text`` into the text field identified by ``locator``.</doc>
<msg timestamp="20210608 13:55:18.761" level="INFO">Typing text 'demo@keystonejs.com' into text field '//*[@name="email"]'.</msg>
<status status="PASS" starttime="20210608 13:55:18.760" endtime="20210608 13:55:18.893"/>
</kw>
<status status="PASS" starttime="20210608 13:55:18.760" endtime="20210608 13:55:18.893"/>
</kw>
<kw name="Input Password" library="on_sign_in_page">
<arg>demo</arg>
<kw name="Input Text" library="SeleniumLibrary">
<arg>//*[@name="password"]</arg>
<arg>${password}</arg>
<doc>Types the given ``text`` into the text field identified by ``locator``.</doc>
<msg timestamp="20210608 13:55:18.894" level="INFO">Typing text 'demo' into text field '//*[@name="password"]'.</msg>
<status status="PASS" starttime="20210608 13:55:18.893" endtime="20210608 13:55:18.991"/>
</kw>
<status status="PASS" starttime="20210608 13:55:18.893" endtime="20210608 13:55:18.991"/>
</kw>
<kw name="Submit Email And Password" library="on_sign_in_page">
<kw name="Submit Form" library="SeleniumLibrary">
<doc>Submits a form identified by ``locator``.</doc>
<msg timestamp="20210608 13:55:18.993" level="INFO">Submitting form 'None'.</msg>
<status status="PASS" starttime="20210608 13:55:18.993" endtime="20210608 13:55:19.028"/>
</kw>
<status status="PASS" starttime="20210608 13:55:18.992" endtime="20210608 13:55:19.029"/>
</kw>
<kw name="Wait Until Admin Ui Page Is Visible" library="wait_until">
<kw name="Wait Until Page Contains Element" library="SeleniumLibrary">
<arg>//*[contains(@class, "dashboard-group")]</arg>
<doc>Waits until the element ``locator`` appears on the current page.</doc>
<status status="PASS" starttime="20210608 13:55:19.029" endtime="20210608 13:55:19.718"/>
</kw>
<status status="PASS" starttime="20210608 13:55:19.029" endtime="20210608 13:55:19.718"/>
</kw>
<status status="PASS" starttime="20210608 13:55:18.760" endtime="20210608 13:55:19.718"/>
</kw>
<kw name="Go To Posts Page From Admin Ui Page" library="go_to_page_from_page">
<kw name="Click A Dashboard Button" library="on_admin_ui_page">
<arg>Posts</arg>
<arg>Posts</arg>
<kw name="Set Variable" library="BuiltIn">
<var>${dashboardButton}</var>
<arg>//*[contains(@data-section-label,'${heading}')]//*[contains(@class, "dashboard-group__list-label") and text()='${lable}']</arg>
<doc>Returns the given values which can then be assigned to a variables.</doc>
<msg timestamp="20210608 13:55:19.719" level="INFO">${dashboardButton} = //*[contains(@data-section-label,'Posts')]//*[contains(@class, "dashboard-group__list-label") and text()='Posts']</msg>
<status status="PASS" starttime="20210608 13:55:19.719" endtime="20210608 13:55:19.719"/>
</kw>
<kw name="Click Element" library="SeleniumLibrary">
<arg>${dashboardButton}</arg>
<doc>Click the element identified by ``locator``.</doc>
<msg timestamp="20210608 13:55:19.720" level="INFO">Clicking element '//*[contains(@data-section-label,'Posts')]//*[contains(@class, "dashboard-group__list-label") and text()='Posts']'.</msg>
<status status="PASS" starttime="20210608 13:55:19.720" endtime="20210608 13:55:19.784"/>
</kw>
<kw name="Wait Until Posts Page Is Visible" library="wait_until">
<kw name="Wait Until Page Contains Element" library="SeleniumLibrary">
<arg>//*[contains(text(), "Manage") or contains(text(), "Create ")]</arg>
<doc>Waits until the element ``locator`` appears on the current page.</doc>
<status status="PASS" starttime="20210608 13:55:19.786" endtime="20210608 13:55:19.816"/>
</kw>
<status status="PASS" starttime="20210608 13:55:19.785" endtime="20210608 13:55:19.816"/>
</kw>
<status status="PASS" starttime="20210608 13:55:19.719" endtime="20210608 13:55:19.816"/>
</kw>
<status status="PASS" starttime="20210608 13:55:19.718" endtime="20210608 13:55:19.817"/>
</kw>
<kw name="Create A Post" library="on_posts_page">
<arg>${commentPostName}</arg>
<kw name="Click Create Post Button" library="on_posts_page">
<kw name="Click Element" library="SeleniumLibrary">
<arg>//*[contains(text(), "Create ")]</arg>
<doc>Click the element identified by ``locator``.</doc>
<msg timestamp="20210608 13:55:19.818" level="INFO">Clicking element '//*[contains(text(), "Create ")]'.</msg>
<status status="PASS" starttime="20210608 13:55:19.817" endtime="20210608 13:55:19.890"/>
</kw>
<kw name="Wait Until Create A New Post Dialog Is Visible" library="wait_until">
<kw name="Wait Until Page Contains Element" library="SeleniumLibrary">
<arg>//*[text()="Create a new Post"]</arg>
<doc>Waits until the element ``locator`` appears on the current page.</doc>
<status status="PASS" starttime="20210608 13:55:19.890" endtime="20210608 13:55:19.907"/>
</kw>
<status status="PASS" starttime="20210608 13:55:19.890" endtime="20210608 13:55:19.907"/>
</kw>
<status status="PASS" starttime="20210608 13:55:19.817" endtime="20210608 13:55:19.907"/>
</kw>
<kw name="Input Post Name" library="on_posts_page">
<arg>${postName}</arg>
<kw name="Input Text" library="SeleniumLibrary">
<arg>//*[@name="name"]</arg>
<arg>${postName}</arg>
<doc>Types the given ``text`` into the text field identified by ``locator``.</doc>
<msg timestamp="20210608 13:55:19.909" level="INFO">Typing text 'commentPostName' into text field '//*[@name="name"]'.</msg>
<status status="PASS" starttime="20210608 13:55:19.908" endtime="20210608 13:55:20.038"/>
</kw>
<status status="PASS" starttime="20210608 13:55:19.908" endtime="20210608 13:55:20.038"/>
</kw>
<kw name="Submit Form" library="SeleniumLibrary">
<doc>Submits a form identified by ``locator``.</doc>
<msg timestamp="20210608 13:55:20.039" level="INFO">Submitting form 'None'.</msg>
<status status="PASS" starttime="20210608 13:55:20.038" endtime="20210608 13:55:20.073"/>
</kw>
<kw name="Wait Until Edit Post Page Is Visible" library="wait_until">
<kw name="Wait Until Page Contains Element" library="SeleniumLibrary">
<arg>//*[contains(@data-e2e-editform-header-back, "true") and contains(@href, "/keystone/posts")]</arg>
<doc>Waits until the element ``locator`` appears on the current page.</doc>
<status status="PASS" starttime="20210608 13:55:20.077" endtime="20210608 13:55:20.384"/>
</kw>
<status status="PASS" starttime="20210608 13:55:20.075" endtime="20210608 13:55:20.384"/>
</kw>
<status status="PASS" starttime="20210608 13:55:19.817" endtime="20210608 13:55:20.384"/>
</kw>
<kw name="Go Admin Ui Page From Edit Post Page" library="go_to_page_from_page">
<kw name="Click Go To Admin Ui Page Button" library="on_edit_post_page">
<kw name="Click Element" library="SeleniumLibrary">
<arg>//*[@title="Dashboard - Demo" and @href="/keystone"]</arg>
<doc>Click the element identified by ``locator``.</doc>
<msg timestamp="20210608 13:55:20.386" level="INFO">Clicking element '//*[@title="Dashboard - Demo" and @href="/keystone"]'.</msg>
<status status="PASS" starttime="20210608 13:55:20.385" endtime="20210608 13:55:20.453"/>
</kw>
<status status="PASS" starttime="20210608 13:55:20.385" endtime="20210608 13:55:20.453"/>
</kw>
<status status="PASS" starttime="20210608 13:55:20.384" endtime="20210608 13:55:20.454"/>
</kw>
<kw name="Go To Comments Page From Admin Ui Page" library="go_to_page_from_page">
<kw name="Click A Dashboard Button" library="on_admin_ui_page">
<arg>Posts</arg>
<arg>Comments</arg>
<kw name="Set Variable" library="BuiltIn">
<var>${dashboardButton}</var>
<arg>//*[contains(@data-section-label,'${heading}')]//*[contains(@class, "dashboard-group__list-label") and text()='${lable}']</arg>
<doc>Returns the given values which can then be assigned to a variables.</doc>
<msg timestamp="20210608 13:55:20.455" level="INFO">${dashboardButton} = //*[contains(@data-section-label,'Posts')]//*[contains(@class, "dashboard-group__list-label") and text()='Comments']</msg>
<status status="PASS" starttime="20210608 13:55:20.455" endtime="20210608 13:55:20.455"/>
</kw>
<kw name="Click Element" library="SeleniumLibrary">
<arg>${dashboardButton}</arg>
<doc>Click the element identified by ``locator``.</doc>
<msg timestamp="20210608 13:55:20.455" level="INFO">Clicking element '//*[contains(@data-section-label,'Posts')]//*[contains(@class, "dashboard-group__list-label") and text()='Comments']'.</msg>
<status status="PASS" starttime="20210608 13:55:20.455" endtime="20210608 13:55:20.536"/>
</kw>
<kw name="Wait Until Posts Page Is Visible" library="wait_until">
<kw name="Wait Until Page Contains Element" library="SeleniumLibrary">
<arg>//*[contains(text(), "Manage") or contains(text(), "Create ")]</arg>
<doc>Waits until the element ``locator`` appears on the current page.</doc>
<status status="PASS" starttime="20210608 13:55:20.537" endtime="20210608 13:55:20.667"/>
</kw>
<status status="PASS" starttime="20210608 13:55:20.537" endtime="20210608 13:55:20.667"/>
</kw>
<status status="PASS" starttime="20210608 13:55:20.454" endtime="20210608 13:55:20.668"/>
</kw>
<status status="PASS" starttime="20210608 13:55:20.454" endtime="20210608 13:55:20.668"/>
</kw>
<status status="PASS" starttime="20210608 13:55:16.459" endtime="20210608 13:55:20.669"/>
</kw>
<kw name="Create A Comment" library="on_comments_page">
<arg>${commentAuthor}</arg>
<arg>${commentPostName}</arg>
<kw name="Click Create Comment Button" library="on_comments_page">
<kw name="Click Element" library="SeleniumLibrary">
<arg>//*[contains(text(), "Create ")]</arg>
<doc>Click the element identified by ``locator``.</doc>
<msg timestamp="20210608 13:55:20.673" level="INFO">Clicking element '//*[contains(text(), "Create ")]'.</msg>
<status status="PASS" starttime="20210608 13:55:20.672" endtime="20210608 13:55:20.831"/>
</kw>
<kw name="Wait Until Create A New Comment Dialog Is Visible" library="wait_until">
<kw name="Wait Until Page Contains Element" library="SeleniumLibrary">
<arg>//*[text()="Create a new Comment"]</arg>
<doc>Waits until the element ``locator`` appears on the current page.</doc>
<status status="PASS" starttime="20210608 13:55:20.832" endtime="20210608 13:55:20.937"/>
</kw>
<status status="PASS" starttime="20210608 13:55:20.831" endtime="20210608 13:55:20.938"/>
</kw>
<status status="PASS" starttime="20210608 13:55:20.671" endtime="20210608 13:55:20.938"/>
</kw>
<kw name="Input Comment Author" library="on_comments_page">
<arg>${commentAuthor}</arg>
<kw name="Click Comment Author Select Arrow" library="on_comments_page">
<kw name="Click Element" library="SeleniumLibrary">
<arg>//*[contains(@class, "css-1wrt3l9") and @for="author"]//*[@class = "Select-arrow"]</arg>
<doc>Click the element identified by ``locator``.</doc>
<msg timestamp="20210608 13:55:20.943" level="INFO">Clicking element '//*[contains(@class, "css-1wrt3l9") and @for="author"]//*[@class = "Select-arrow"]'.</msg>
<status status="PASS" starttime="20210608 13:55:20.941" endtime="20210608 13:55:21.054"/>
</kw>
<status status="PASS" starttime="20210608 13:55:20.940" endtime="20210608 13:55:21.054"/>
</kw>
<kw name="Input Select Comment Author" library="on_comments_page">
<arg>${commentAuthor}</arg>
<kw name="Input Text" library="SeleniumLibrary">
<arg>//*[@for="author"]//*[contains(@aria-activedescendant, "react-select")]</arg>
<arg>${commentAuthor}</arg>
<doc>Types the given ``text`` into the text field identified by ``locator``.</doc>
<msg timestamp="20210608 13:55:21.058" level="INFO">Typing text 'Demo User' into text field '//*[@for="author"]//*[contains(@aria-activedescendant, "react-select")]'.</msg>
<status status="PASS" starttime="20210608 13:55:21.056" endtime="20210608 13:55:21.319"/>
</kw>
<status status="PASS" starttime="20210608 13:55:21.055" endtime="20210608 13:55:21.319"/>
</kw>
<kw name="Press Keys" library="SeleniumLibrary">
<arg>//*[@for="author"]//*[contains(@aria-activedescendant, "react-select")]</arg>
<arg>RETURN</arg>
<doc>Simulates the user pressing key(s) to an element or on the active browser.</doc>
<msg timestamp="20210608 13:55:21.321" level="INFO">Sending key(s) ('RETURN',) to //*[@for="author"]//*[contains(@aria-activedescendant, "react-select")] element.</msg>
<msg timestamp="20210608 13:55:21.664" level="INFO">Pressing special key RETURN to element.</msg>
<msg timestamp="20210608 13:55:21.664" level="INFO">Releasing special key RETURN.</msg>
<status status="PASS" starttime="20210608 13:55:21.320" endtime="20210608 13:55:21.684"/>
</kw>
<status status="PASS" starttime="20210608 13:55:20.938" endtime="20210608 13:55:21.684"/>
</kw>
<kw name="Input Comment Post Name" library="on_comments_page">
<arg>${commentPostName}</arg>
<kw name="Click Comment Author Select Arrow" library="on_comments_page">
<kw name="Click Element" library="SeleniumLibrary">
<arg>//*[contains(@class, "css-1wrt3l9") and @for="author"]//*[@class = "Select-arrow"]</arg>
<doc>Click the element identified by ``locator``.</doc>
<msg timestamp="20210608 13:55:21.685" level="INFO">Clicking element '//*[contains(@class, "css-1wrt3l9") and @for="author"]//*[@class = "Select-arrow"]'.</msg>
<status status="PASS" starttime="20210608 13:55:21.685" endtime="20210608 13:55:21.728"/>
</kw>
<status status="PASS" starttime="20210608 13:55:21.685" endtime="20210608 13:55:21.729"/>
</kw>
<kw name="Input Select Comment Post Name" library="on_comments_page">
<arg>${commentPostName}</arg>
<kw name="Input Text" library="SeleniumLibrary">
<arg>//*[@for="post"]//*[contains(@aria-activedescendant, "react-select")]</arg>
<arg>${commentPostName}</arg>
<doc>Types the given ``text`` into the text field identified by ``locator``.</doc>
<msg timestamp="20210608 13:55:21.730" level="INFO">Typing text 'commentPostName' into text field '//*[@for="post"]//*[contains(@aria-activedescendant, "react-select")]'.</msg>
<status status="PASS" starttime="20210608 13:55:21.729" endtime="20210608 13:55:21.983"/>
</kw>
<status status="PASS" starttime="20210608 13:55:21.729" endtime="20210608 13:55:21.984"/>
</kw>
<kw name="Press Keys" library="SeleniumLibrary">
<arg>//*[@for="post"]//*[contains(@aria-activedescendant, "react-select")]</arg>
<arg>RETURN</arg>
<doc>Simulates the user pressing key(s) to an element or on the active browser.</doc>
<msg timestamp="20210608 13:55:21.986" level="INFO">Sending key(s) ('RETURN',) to //*[@for="post"]//*[contains(@aria-activedescendant, "react-select")] element.</msg>
<msg timestamp="20210608 13:55:22.271" level="INFO">Pressing special key RETURN to element.</msg>
<msg timestamp="20210608 13:55:22.271" level="INFO">Releasing special key RETURN.</msg>
<status status="PASS" starttime="20210608 13:55:21.985" endtime="20210608 13:55:22.288"/>
</kw>
<status status="PASS" starttime="20210608 13:55:21.684" endtime="20210608 13:55:22.288"/>
</kw>
<kw name="Submit Form" library="SeleniumLibrary">
<doc>Submits a form identified by ``locator``.</doc>
<msg timestamp="20210608 13:55:22.288" level="INFO">Submitting form 'None'.</msg>
<status status="PASS" starttime="20210608 13:55:22.288" endtime="20210608 13:55:22.328"/>
</kw>
<kw name="Wait Until Edit Comment Page Is Visible" library="wait_until">
<kw name="Wait Until Page Contains Element" library="SeleniumLibrary">
<arg>//*[contains(@data-e2e-editform-header-back, "true") and contains(@href, "/keystone/post-comments")]</arg>
<doc>Waits until the element ``locator`` appears on the current page.</doc>
<status status="PASS" starttime="20210608 13:55:22.329" endtime="20210608 13:55:22.635"/>
</kw>
<status status="PASS" starttime="20210608 13:55:22.328" endtime="20210608 13:55:22.635"/>
</kw>
<status status="PASS" starttime="20210608 13:55:20.669" endtime="20210608 13:55:22.636"/>
</kw>
<kw name="Go To Comments Page From Edit Comment Page" library="go_to_page_from_page">
<kw name="Click Go Back To Comments Page Button" library="on_edit_comment_page">
<kw name="Click Element" library="SeleniumLibrary">
<arg>//*[@class="css-dmf4a8" and @href="/keystone/post-comments"]</arg>
<doc>Click the element identified by ``locator``.</doc>
<msg timestamp="20210608 13:55:22.638" level="INFO">Clicking element '//*[@class="css-dmf4a8" and @href="/keystone/post-comments"]'.</msg>
<status status="PASS" starttime="20210608 13:55:22.638" endtime="20210608 13:55:22.733"/>
</kw>
<kw name="Wait Until Posts Page Is Visible" library="wait_until">
<kw name="Wait Until Page Contains Element" library="SeleniumLibrary">
<arg>//*[contains(text(), "Manage") or contains(text(), "Create ")]</arg>
<doc>Waits until the element ``locator`` appears on the current page.</doc>
<status status="PASS" starttime="20210608 13:55:22.734" endtime="20210608 13:55:22.747"/>
</kw>
<status status="PASS" starttime="20210608 13:55:22.733" endtime="20210608 13:55:22.748"/>
</kw>
<status status="PASS" starttime="20210608 13:55:22.637" endtime="20210608 13:55:22.748"/>
</kw>
<status status="PASS" starttime="20210608 13:55:22.637" endtime="20210608 13:55:22.748"/>
</kw>
<kw name="Verify Comments Page Have Comment" library="on_comments_page">
<arg>${commentAuthor}</arg>
<arg>${commentPostName}</arg>
<kw name="Get Element Attribute" library="SeleniumLibrary">
<var>${commentId}</var>
<arg>//a[contains(@href, "/keystone/posts/") and text()="${commentPostName}"]/parent::td/parent::tr//a[contains(@href, "/keystone/users/") and text()="${commentAuthor}"]/parent::td/parent::tr//a[contains(@href, "/keystone/post-comments/")]</arg>
<arg>title</arg>
<doc>Returns the value of ``attribute`` from the element ``locator``.</doc>
<msg timestamp="20210608 13:55:22.779" level="INFO">${commentId} = 60bf064a3cfacd0018c1962d</msg>
<status status="PASS" starttime="20210608 13:55:22.750" endtime="20210608 13:55:22.779"/>
</kw>
<kw name="Wait Until Element Contains" library="SeleniumLibrary">
<arg>//a[text()="${commentId}"]</arg>
<arg>${commentId}</arg>
<doc>Waits until the element ``locator`` contains ``text``.</doc>
<status status="PASS" starttime="20210608 13:55:22.779" endtime="20210608 13:55:22.809"/>
</kw>
<status status="PASS" starttime="20210608 13:55:22.748" endtime="20210608 13:55:22.810"/>
</kw>
<kw name="Run Keywords" library="BuiltIn" type="TEARDOWN">
<arg>Delete A Comment</arg>
<arg>${commentAuthor}</arg>
<arg>${commentPostName}</arg>
<arg>AND</arg>
<arg>GO TO Admin Ui Page From Comment Page</arg>
<arg>AND</arg>
<arg>Go To Posts Page From Admin Ui Page</arg>
<arg>AND</arg>
<arg>Delete A Post</arg>
<arg>${commentPostName}</arg>
<arg>AND</arg>
<arg>Sign Out</arg>
<arg>AND</arg>
<arg>Go To Home Page From Sign In Page</arg>
<arg>AND</arg>
<arg>Sleep</arg>
<arg>5s</arg>
<doc>Executes all the given keywords in a sequence.</doc>
<kw name="Delete A Comment" library="on_comments_page">
<arg>${commentAuthor}</arg>
<arg>${commentPostName}</arg>
<kw name="Get CommentId" library="on_comments_page">
<var>${commentId}</var>
<arg>${commentAuthor}</arg>
<arg>${commentPostName}</arg>
<kw name="Get Element Attribute" library="SeleniumLibrary">
<var>${commentId}</var>
<arg>//a[contains(@href, "/keystone/posts/") and text()="${commentPostName}"]/parent::td/parent::tr//a[contains(@href, "/keystone/users/") and text()="${commentAuthor}"]/parent::td/parent::tr//a[contains(@href, "/keystone/post-comments/")]</arg>
<arg>title</arg>
<doc>Returns the value of ``attribute`` from the element ``locator``.</doc>
<msg timestamp="20210608 13:55:22.827" level="INFO">${commentId} = 60bf064a3cfacd0018c1962d</msg>
<status status="PASS" starttime="20210608 13:55:22.812" endtime="20210608 13:55:22.827"/>
</kw>
<msg timestamp="20210608 13:55:22.827" level="INFO">${commentId} = 60bf064a3cfacd0018c1962d</msg>
<status status="PASS" starttime="20210608 13:55:22.811" endtime="20210608 13:55:22.827"/>
</kw>
<kw name="Click Element" library="SeleniumLibrary">
<arg>//a[text()="${commentId}"]/parent::td/parent::tr//button</arg>
<doc>Click the element identified by ``locator``.</doc>
<msg timestamp="20210608 13:55:22.828" level="INFO">Clicking element '//a[text()="60bf064a3cfacd0018c1962d"]/parent::td/parent::tr//button'.</msg>
<status status="PASS" starttime="20210608 13:55:22.828" endtime="20210608 13:55:22.924"/>
</kw>
<kw name="Wait Until Delete Warning Dialog Is Visible" library="wait_until">
<kw name="Wait Until Page Contains Element" library="SeleniumLibrary">
<arg>//*[contains(@data-button-type, "confirm") and contains(text(), "Delete")]</arg>
<doc>Waits until the element ``locator`` appears on the current page.</doc>
<status status="PASS" starttime="20210608 13:55:22.925" endtime="20210608 13:55:22.939"/>
</kw>
<status status="PASS" starttime="20210608 13:55:22.924" endtime="20210608 13:55:22.939"/>
</kw>
<kw name="Click Delete Button" library="on_posts_page">
<kw name="Click Element" library="SeleniumLibrary">
<arg>//*[contains(@data-button-type, "confirm") and contains(text(), "Delete")]</arg>
<doc>Click the element identified by ``locator``.</doc>
<msg timestamp="20210608 13:55:22.943" level="INFO">Clicking element '//*[contains(@data-button-type, "confirm") and contains(text(), "Delete")]'.</msg>
<status status="PASS" starttime="20210608 13:55:22.942" endtime="20210608 13:55:23.020"/>
</kw>
<kw name="Wait Until Posts Page Is Visible" library="wait_until">
<kw name="Wait Until Page Contains Element" library="SeleniumLibrary">
<arg>//*[contains(text(), "Manage") or contains(text(), "Create ")]</arg>
<doc>Waits until the element ``locator`` appears on the current page.</doc>
<status status="PASS" starttime="20210608 13:55:23.021" endtime="20210608 13:55:23.038"/>
</kw>
<status status="PASS" starttime="20210608 13:55:23.020" endtime="20210608 13:55:23.038"/>
</kw>
<status status="PASS" starttime="20210608 13:55:22.939" endtime="20210608 13:55:23.038"/>
</kw>
<kw name="Wait Until Comments Page Is Visible" library="wait_until">
<kw name="Wait Until Page Contains Element" library="SeleniumLibrary">
<arg>//*[contains(text(), "Create ")]</arg>
<doc>Waits until the element ``locator`` appears on the current page.</doc>
<status status="PASS" starttime="20210608 13:55:23.039" endtime="20210608 13:55:23.052"/>
</kw>
<status status="PASS" starttime="20210608 13:55:23.038" endtime="20210608 13:55:23.053"/>
</kw>
<status status="PASS" starttime="20210608 13:55:22.810" endtime="20210608 13:55:23.053"/>
</kw>
<kw name="GO TO Admin Ui Page From Comment Page" library="go_to_page_from_page">
<kw name="Click Go To Admin Ui Page Button" library="on_edit_post_page">
<kw name="Click Element" library="SeleniumLibrary">
<arg>//*[@title="Dashboard - Demo" and @href="/keystone"]</arg>
<doc>Click the element identified by ``locator``.</doc>
<msg timestamp="20210608 13:55:23.058" level="INFO">Clicking element '//*[@title="Dashboard - Demo" and @href="/keystone"]'.</msg>
<status status="PASS" starttime="20210608 13:55:23.056" endtime="20210608 13:55:23.388"/>
</kw>
<status status="PASS" starttime="20210608 13:55:23.055" endtime="20210608 13:55:23.388"/>
</kw>
<status status="PASS" starttime="20210608 13:55:23.054" endtime="20210608 13:55:23.389"/>
</kw>
<kw name="Go To Posts Page From Admin Ui Page" library="go_to_page_from_page">
<kw name="Click A Dashboard Button" library="on_admin_ui_page">
<arg>Posts</arg>
<arg>Posts</arg>
<kw name="Set Variable" library="BuiltIn">
<var>${dashboardButton}</var>
<arg>//*[contains(@data-section-label,'${heading}')]//*[contains(@class, "dashboard-group__list-label") and text()='${lable}']</arg>
<doc>Returns the given values which can then be assigned to a variables.</doc>
<msg timestamp="20210608 13:55:23.394" level="INFO">${dashboardButton} = //*[contains(@data-section-label,'Posts')]//*[contains(@class, "dashboard-group__list-label") and text()='Posts']</msg>
<status status="PASS" starttime="20210608 13:55:23.394" endtime="20210608 13:55:23.394"/>
</kw>
<kw name="Click Element" library="SeleniumLibrary">
<arg>${dashboardButton}</arg>
<doc>Click the element identified by ``locator``.</doc>
<msg timestamp="20210608 13:55:23.395" level="INFO">Clicking element '//*[contains(@data-section-label,'Posts')]//*[contains(@class, "dashboard-group__list-label") and text()='Posts']'.</msg>
<status status="PASS" starttime="20210608 13:55:23.395" endtime="20210608 13:55:23.478"/>
</kw>
<kw name="Wait Until Posts Page Is Visible" library="wait_until">
<kw name="Wait Until Page Contains Element" library="SeleniumLibrary">
<arg>//*[contains(text(), "Manage") or contains(text(), "Create ")]</arg>
<doc>Waits until the element ``locator`` appears on the current page.</doc>
<status status="PASS" starttime="20210608 13:55:23.479" endtime="20210608 13:55:23.488"/>
</kw>
<status status="PASS" starttime="20210608 13:55:23.479" endtime="20210608 13:55:23.489"/>
</kw>
<status status="PASS" starttime="20210608 13:55:23.392" endtime="20210608 13:55:23.489"/>
</kw>
<status status="PASS" starttime="20210608 13:55:23.390" endtime="20210608 13:55:23.489"/>
</kw>
<kw name="Delete A Post" library="on_posts_page">
<arg>${commentPostName}</arg>
<kw name="Click Trash Can button" library="on_posts_page">
<arg>${postName}</arg>
<kw name="Click Element" library="SeleniumLibrary">
<arg>//*[contains(@href, "/keystone/posts/") and text()="${postName}"]/parent::td/parent::tr//*[@class="ItemList__control ItemList__control--delete"]</arg>
<doc>Click the element identified by ``locator``.</doc>
<msg timestamp="20210608 13:55:23.494" level="INFO">Clicking element '//*[contains(@href, "/keystone/posts/") and text()="commentPostName"]/parent::td/parent::tr//*[@class="ItemList__control ItemList__control--delete"]'.</msg>
<status status="PASS" starttime="20210608 13:55:23.494" endtime="20210608 13:55:23.553"/>
</kw>
<kw name="Wait Until Delete Warning Dialog Is Visible" library="wait_until">
<kw name="Wait Until Page Contains Element" library="SeleniumLibrary">
<arg>//*[contains(@data-button-type, "confirm") and contains(text(), "Delete")]</arg>
<doc>Waits until the element ``locator`` appears on the current page.</doc>
<status status="PASS" starttime="20210608 13:55:23.554" endtime="20210608 13:55:23.570"/>
</kw>
<status status="PASS" starttime="20210608 13:55:23.553" endtime="20210608 13:55:23.571"/>
</kw>
<status status="PASS" starttime="20210608 13:55:23.493" endtime="20210608 13:55:23.571"/>
</kw>
<kw name="Click Delete Button" library="on_posts_page">
<kw name="Click Element" library="SeleniumLibrary">
<arg>//*[contains(@data-button-type, "confirm") and contains(text(), "Delete")]</arg>
<doc>Click the element identified by ``locator``.</doc>
<msg timestamp="20210608 13:55:23.572" level="INFO">Clicking element '//*[contains(@data-button-type, "confirm") and contains(text(), "Delete")]'.</msg>
<status status="PASS" starttime="20210608 13:55:23.572" endtime="20210608 13:55:23.645"/>
</kw>
<kw name="Wait Until Posts Page Is Visible" library="wait_until">
<kw name="Wait Until Page Contains Element" library="SeleniumLibrary">
<arg>//*[contains(text(), "Manage") or contains(text(), "Create ")]</arg>
<doc>Waits until the element ``locator`` appears on the current page.</doc>
<status status="PASS" starttime="20210608 13:55:23.646" endtime="20210608 13:55:23.664"/>
</kw>
<status status="PASS" starttime="20210608 13:55:23.645" endtime="20210608 13:55:23.664"/>
</kw>
<status status="PASS" starttime="20210608 13:55:23.571" endtime="20210608 13:55:23.665"/>
</kw>
<status status="PASS" starttime="20210608 13:55:23.490" endtime="20210608 13:55:23.665"/>
</kw>
<kw name="Sign Out" library="on_posts_page">
<kw name="Click Sign Out Button" library="on_posts_page">
<kw name="Click Element" library="SeleniumLibrary">
<arg>//*[@href = "/keystone/signout"]</arg>
<doc>Click the element identified by ``locator``.</doc>
<msg timestamp="20210608 13:55:23.668" level="INFO">Clicking element '//*[@href = "/keystone/signout"]'.</msg>
<status status="PASS" starttime="20210608 13:55:23.667" endtime="20210608 13:55:24.166"/>
</kw>
<kw name="Wait Until Sign In Page Is Visible" library="wait_until">
<kw name="Wait Until Page Contains Element" library="SeleniumLibrary">
<arg>//*[contains(@class, "logo")]</arg>
<doc>Waits until the element ``locator`` appears on the current page.</doc>
<status status="PASS" starttime="20210608 13:55:24.168" endtime="20210608 13:55:24.183"/>
</kw>
<status status="PASS" starttime="20210608 13:55:24.167" endtime="20210608 13:55:24.183"/>
</kw>
<status status="PASS" starttime="20210608 13:55:23.666" endtime="20210608 13:55:24.183"/>
</kw>
<status status="PASS" starttime="20210608 13:55:23.665" endtime="20210608 13:55:24.184"/>
</kw>
<kw name="Go To Home Page From Sign In Page" library="go_to_page_from_page">
<kw name="Click Logo Button" library="on_sign_in_page">
<kw name="Click Element" library="SeleniumLibrary">
<arg>//*[contains(@class, "logo")]</arg>
<doc>Click the element identified by ``locator``.</doc>
<msg timestamp="20210608 13:55:24.187" level="INFO">Clicking element '//*[contains(@class, "logo")]'.</msg>
<status status="PASS" starttime="20210608 13:55:24.187" endtime="20210608 13:55:24.672"/>
</kw>
<kw name="Wait Until Home Page Is Visible" library="wait_until">
<kw name="Wait Until Page Contains Element" library="SeleniumLibrary">
<arg>//*[contains(text(), "Sign in") and @href="/keystone/signin"]</arg>
<doc>Waits until the element ``locator`` appears on the current page.</doc>
<status status="PASS" starttime="20210608 13:55:24.673" endtime="20210608 13:55:24.683"/>
</kw>
<status status="PASS" starttime="20210608 13:55:24.672" endtime="20210608 13:55:24.683"/>
</kw>
<status status="PASS" starttime="20210608 13:55:24.185" endtime="20210608 13:55:24.683"/>
</kw>
<status status="PASS" starttime="20210608 13:55:24.184" endtime="20210608 13:55:24.683"/>
</kw>
<kw name="Sleep" library="BuiltIn">
<arg>5s</arg>
<doc>Pauses the test executed for the given time.</doc>
<msg timestamp="20210608 13:55:29.688" level="INFO">Slept 5 seconds</msg>
<status status="PASS" starttime="20210608 13:55:24.684" endtime="20210608 13:55:29.688"/>
</kw>
<status status="PASS" starttime="20210608 13:55:22.810" endtime="20210608 13:55:29.688"/>
</kw>
<tag>TC-005a</tag>
<status status="PASS" starttime="20210608 13:55:16.458" endtime="20210608 13:55:29.688"/>
</test>
<test id="s1-s2-t2" name="Test Create A Comment And Click Cancel Button">
<kw name="Run Keywords" library="BuiltIn" type="SETUP">
<arg>GO TO Sign In Page From Home Page</arg>
<arg>AND</arg>
<arg>Sign In As Admin</arg>
<arg>AND</arg>
<arg>Go To Posts Page From Admin Ui Page</arg>
<arg>AND</arg>
<arg>Create A Post</arg>
<arg>${commentPostName}</arg>
<arg>AND</arg>
<arg>Go Admin Ui Page From Edit Post Page</arg>
<arg>AND</arg>
<arg>Go To Comments Page From Admin Ui Page</arg>
<doc>Executes all the given keywords in a sequence.</doc>
<kw name="GO TO Sign In Page From Home Page" library="go_to_page_from_page">
<kw name="Click Sign In Button" library="on_home_page">
<kw name="Sleep" library="BuiltIn">
<arg>2s</arg>
<doc>Pauses the test executed for the given time.</doc>
<msg timestamp="20210608 13:55:31.707" level="INFO">Slept 2 seconds</msg>
<status status="PASS" starttime="20210608 13:55:29.692" endtime="20210608 13:55:31.707"/>
</kw>
<kw name="Click Element" library="SeleniumLibrary">
<arg>//a[@class="btn btn-default" and contains(text(), "Sign in") and @href="/keystone/signin"]</arg>
<doc>Click the element identified by ``locator``.</doc>
<msg timestamp="20210608 13:55:31.707" level="INFO">Clicking element '//a[@class="btn btn-default" and contains(text(), "Sign in") and @href="/keystone/signin"]'.</msg>
<status status="PASS" starttime="20210608 13:55:31.707" endtime="20210608 13:55:31.892"/>
</kw>
<kw name="Wait Until Sign In Page Is Visible" library="wait_until">
<kw name="Wait Until Page Contains Element" library="SeleniumLibrary">
<arg>//*[contains(@class, "logo")]</arg>
<doc>Waits until the element ``locator`` appears on the current page.</doc>
<status status="PASS" starttime="20210608 13:55:31.894" endtime="20210608 13:55:31.903"/>
</kw>
<status status="PASS" starttime="20210608 13:55:31.893" endtime="20210608 13:55:31.904"/>
</kw>
<status status="PASS" starttime="20210608 13:55:29.692" endtime="20210608 13:55:31.904"/>
</kw>
<status status="PASS" starttime="20210608 13:55:29.691" endtime="20210608 13:55:31.905"/>
</kw>
<kw name="Sign In As Admin" library="on_sign_in_page">
<kw name="Input Email" library="on_sign_in_page">
<arg>demo@keystonejs.com</arg>
<kw name="Input Text" library="SeleniumLibrary">
<arg>//*[@name="email"]</arg>
<arg>${email}</arg>
<doc>Types the given ``text`` into the text field identified by ``locator``.</doc>
<msg timestamp="20210608 13:55:31.906" level="INFO">Typing text 'demo@keystonejs.com' into text field '//*[@name="email"]'.</msg>
<status status="PASS" starttime="20210608 13:55:31.906" endtime="20210608 13:55:32.006"/>
</kw>
<status status="PASS" starttime="20210608 13:55:31.905" endtime="20210608 13:55:32.006"/>
</kw>
<kw name="Input Password" library="on_sign_in_page">
<arg>demo</arg>
<kw name="Input Text" library="SeleniumLibrary">
<arg>//*[@name="password"]</arg>
<arg>${password}</arg>
<doc>Types the given ``text`` into the text field identified by ``locator``.</doc>
<msg timestamp="20210608 13:55:32.007" level="INFO">Typing text 'demo' into text field '//*[@name="password"]'.</msg>
<status status="PASS" starttime="20210608 13:55:32.007" endtime="20210608 13:55:32.083"/>
</kw>
<status status="PASS" starttime="20210608 13:55:32.006" endtime="20210608 13:55:32.083"/>
</kw>
<kw name="Submit Email And Password" library="on_sign_in_page">
<kw name="Submit Form" library="SeleniumLibrary">
<doc>Submits a form identified by ``locator``.</doc>
<msg timestamp="20210608 13:55:32.084" level="INFO">Submitting form 'None'.</msg>
<status status="PASS" starttime="20210608 13:55:32.084" endtime="20210608 13:55:32.116"/>
</kw>
<status status="PASS" starttime="20210608 13:55:32.084" endtime="20210608 13:55:32.116"/>
</kw>
<kw name="Wait Until Admin Ui Page Is Visible" library="wait_until">
<kw name="Wait Until Page Contains Element" library="SeleniumLibrary">
<arg>//*[contains(@class, "dashboard-group")]</arg>
<doc>Waits until the element ``locator`` appears on the current page.</doc>
<status status="PASS" starttime="20210608 13:55:32.117" endtime="20210608 13:55:32.593"/>
</kw>
<status status="PASS" starttime="20210608 13:55:32.116" endtime="20210608 13:55:32.594"/>
</kw>
<status status="PASS" starttime="20210608 13:55:31.905" endtime="20210608 13:55:32.594"/>
</kw>
<kw name="Go To Posts Page From Admin Ui Page" library="go_to_page_from_page">
<kw name="Click A Dashboard Button" library="on_admin_ui_page">
<arg>Posts</arg>
<arg>Posts</arg>
<kw name="Set Variable" library="BuiltIn">
<var>${dashboardButton}</var>
<arg>//*[contains(@data-section-label,'${heading}')]//*[contains(@class, "dashboard-group__list-label") and text()='${lable}']</arg>
<doc>Returns the given values which can then be assigned to a variables.</doc>
<msg timestamp="20210608 13:55:32.595" level="INFO">${dashboardButton} = //*[contains(@data-section-label,'Posts')]//*[contains(@class, "dashboard-group__list-label") and text()='Posts']</msg>
<status status="PASS" starttime="20210608 13:55:32.595" endtime="20210608 13:55:32.595"/>
</kw>
<kw name="Click Element" library="SeleniumLibrary">
<arg>${dashboardButton}</arg>
<doc>Click the element identified by ``locator``.</doc>
<msg timestamp="20210608 13:55:32.596" level="INFO">Clicking element '//*[contains(@data-section-label,'Posts')]//*[contains(@class, "dashboard-group__list-label") and text()='Posts']'.</msg>
<status status="PASS" starttime="20210608 13:55:32.596" endtime="20210608 13:55:32.646"/>
</kw>
<kw name="Wait Until Posts Page Is Visible" library="wait_until">
<kw name="Wait Until Page Contains Element" library="SeleniumLibrary">
<arg>//*[contains(text(), "Manage") or contains(text(), "Create ")]</arg>
<doc>Waits until the element ``locator`` appears on the current page.</doc>
<status status="PASS" starttime="20210608 13:55:32.647" endtime="20210608 13:55:32.665"/>
</kw>
<status status="PASS" starttime="20210608 13:55:32.646" endtime="20210608 13:55:32.666"/>
</kw>
<status status="PASS" starttime="20210608 13:55:32.595" endtime="20210608 13:55:32.666"/>
</kw>
<status status="PASS" starttime="20210608 13:55:32.594" endtime="20210608 13:55:32.666"/>
</kw>
<kw name="Create A Post" library="on_posts_page">
<arg>${commentPostName}</arg>
<kw name="Click Create Post Button" library="on_posts_page">
<kw name="Click Element" library="SeleniumLibrary">
<arg>//*[contains(text(), "Create ")]</arg>
<doc>Click the element identified by ``locator``.</doc>
<msg timestamp="20210608 13:55:32.667" level="INFO">Clicking element '//*[contains(text(), "Create ")]'.</msg>
<status status="PASS" starttime="20210608 13:55:32.667" endtime="20210608 13:55:32.717"/>
</kw>
<kw name="Wait Until Create A New Post Dialog Is Visible" library="wait_until">
<kw name="Wait Until Page Contains Element" library="SeleniumLibrary">
<arg>//*[text()="Create a new Post"]</arg>
<doc>Waits until the element ``locator`` appears on the current page.</doc>
<status status="PASS" starttime="20210608 13:55:32.718" endtime="20210608 13:55:32.727"/>
</kw>
<status status="PASS" starttime="20210608 13:55:32.717" endtime="20210608 13:55:32.728"/>
</kw>
<status status="PASS" starttime="20210608 13:55:32.667" endtime="20210608 13:55:32.728"/>
</kw>
<kw name="Input Post Name" library="on_posts_page">
<arg>${postName}</arg>
<kw name="Input Text" library="SeleniumLibrary">
<arg>//*[@name="name"]</arg>
<arg>${postName}</arg>
<doc>Types the given ``text`` into the text field identified by ``locator``.</doc>
<msg timestamp="20210608 13:55:32.729" level="INFO">Typing text 'commentPostName' into text field '//*[@name="name"]'.</msg>
<status status="PASS" starttime="20210608 13:55:32.728" endtime="20210608 13:55:32.824"/>
</kw>
<status status="PASS" starttime="20210608 13:55:32.728" endtime="20210608 13:55:32.825"/>
</kw>
<kw name="Submit Form" library="SeleniumLibrary">
<doc>Submits a form identified by ``locator``.</doc>
<msg timestamp="20210608 13:55:32.825" level="INFO">Submitting form 'None'.</msg>
<status status="PASS" starttime="20210608 13:55:32.825" endtime="20210608 13:55:32.861"/>
</kw>
<kw name="Wait Until Edit Post Page Is Visible" library="wait_until">
<kw name="Wait Until Page Contains Element" library="SeleniumLibrary">
<arg>//*[contains(@data-e2e-editform-header-back, "true") and contains(@href, "/keystone/posts")]</arg>
<doc>Waits until the element ``locator`` appears on the current page.</doc>
<status status="PASS" starttime="20210608 13:55:32.862" endtime="20210608 13:55:33.083"/>
</kw>
<status status="PASS" starttime="20210608 13:55:32.862" endtime="20210608 13:55:33.083"/>
</kw>
<status status="PASS" starttime="20210608 13:55:32.666" endtime="20210608 13:55:33.083"/>
</kw>
<kw name="Go Admin Ui Page From Edit Post Page" library="go_to_page_from_page">
<kw name="Click Go To Admin Ui Page Button" library="on_edit_post_page">
<kw name="Click Element" library="SeleniumLibrary">
<arg>//*[@title="Dashboard - Demo" and @href="/keystone"]</arg>
<doc>Click the element identified by ``locator``.</doc>
<msg timestamp="20210608 13:55:33.084" level="INFO">Clicking element '//*[@title="Dashboard - Demo" and @href="/keystone"]'.</msg>
<status status="PASS" starttime="20210608 13:55:33.084" endtime="20210608 13:55:33.141"/>
</kw>
<status status="PASS" starttime="20210608 13:55:33.084" endtime="20210608 13:55:33.142"/>
</kw>
<status status="PASS" starttime="20210608 13:55:33.083" endtime="20210608 13:55:33.142"/>
</kw>
<kw name="Go To Comments Page From Admin Ui Page" library="go_to_page_from_page">
<kw name="Click A Dashboard Button" library="on_admin_ui_page">
<arg>Posts</arg>
<arg>Comments</arg>
<kw name="Set Variable" library="BuiltIn">
<var>${dashboardButton}</var>
<arg>//*[contains(@data-section-label,'${heading}')]//*[contains(@class, "dashboard-group__list-label") and text()='${lable}']</arg>
<doc>Returns the given values which can then be assigned to a variables.</doc>
<msg timestamp="20210608 13:55:33.145" level="INFO">${dashboardButton} = //*[contains(@data-section-label,'Posts')]//*[contains(@class, "dashboard-group__list-label") and text()='Comments']</msg>
<status status="PASS" starttime="20210608 13:55:33.144" endtime="20210608 13:55:33.145"/>
</kw>
<kw name="Click Element" library="SeleniumLibrary">
<arg>${dashboardButton}</arg>
<doc>Click the element identified by ``locator``.</doc>
<msg timestamp="20210608 13:55:33.145" level="INFO">Clicking element '//*[contains(@data-section-label,'Posts')]//*[contains(@class, "dashboard-group__list-label") and text()='Comments']'.</msg>
<status status="PASS" starttime="20210608 13:55:33.145" endtime="20210608 13:55:33.205"/>
</kw>
<kw name="Wait Until Posts Page Is Visible" library="wait_until">
<kw name="Wait Until Page Contains Element" library="SeleniumLibrary">
<arg>//*[contains(text(), "Manage") or contains(text(), "Create ")]</arg>
<doc>Waits until the element ``locator`` appears on the current page.</doc>
<status status="PASS" starttime="20210608 13:55:33.206" endtime="20210608 13:55:33.262"/>
</kw>
<status status="PASS" starttime="20210608 13:55:33.206" endtime="20210608 13:55:33.263"/>
</kw>
<status status="PASS" starttime="20210608 13:55:33.143" endtime="20210608 13:55:33.263"/>
</kw>
<status status="PASS" starttime="20210608 13:55:33.142" endtime="20210608 13:55:33.263"/>
</kw>
<status status="PASS" starttime="20210608 13:55:29.690" endtime="20210608 13:55:33.263"/>
</kw>
<kw name="Click Create Comment Button" library="on_comments_page">
<kw name="Click Element" library="SeleniumLibrary">
<arg>//*[contains(text(), "Create ")]</arg>
<doc>Click the element identified by ``locator``.</doc>
<msg timestamp="20210608 13:55:33.264" level="INFO">Clicking element '//*[contains(text(), "Create ")]'.</msg>
<status status="PASS" starttime="20210608 13:55:33.263" endtime="20210608 13:55:33.320"/>
</kw>
<kw name="Wait Until Create A New Comment Dialog Is Visible" library="wait_until">
<kw name="Wait Until Page Contains Element" library="SeleniumLibrary">
<arg>//*[text()="Create a new Comment"]</arg>
<doc>Waits until the element ``locator`` appears on the current page.</doc>
<status status="PASS" starttime="20210608 13:55:33.321" endtime="20210608 13:55:33.343"/>
</kw>
<status status="PASS" starttime="20210608 13:55:33.320" endtime="20210608 13:55:33.343"/>
</kw>
<status status="PASS" starttime="20210608 13:55:33.263" endtime="20210608 13:55:33.343"/>
</kw>
<kw name="Input Comment Author" library="on_comments_page">
<arg>${commentAuthor}</arg>
<kw name="Click Comment Author Select Arrow" library="on_comments_page">
<kw name="Click Element" library="SeleniumLibrary">
<arg>//*[contains(@class, "css-1wrt3l9") and @for="author"]//*[@class = "Select-arrow"]</arg>
<doc>Click the element identified by ``locator``.</doc>
<msg timestamp="20210608 13:55:33.344" level="INFO">Clicking element '//*[contains(@class, "css-1wrt3l9") and @for="author"]//*[@class = "Select-arrow"]'.</msg>
<status status="PASS" starttime="20210608 13:55:33.344" endtime="20210608 13:55:33.402"/>
</kw>
<status status="PASS" starttime="20210608 13:55:33.344" endtime="20210608 13:55:33.402"/>
</kw>
<kw name="Input Select Comment Author" library="on_comments_page">
<arg>${commentAuthor}</arg>
<kw name="Input Text" library="SeleniumLibrary">
<arg>//*[@for="author"]//*[contains(@aria-activedescendant, "react-select")]</arg>
<arg>${commentAuthor}</arg>
<doc>Types the given ``text`` into the text field identified by ``locator``.</doc>
<msg timestamp="20210608 13:55:33.403" level="INFO">Typing text 'Demo User' into text field '//*[@for="author"]//*[contains(@aria-activedescendant, "react-select")]'.</msg>
<status status="PASS" starttime="20210608 13:55:33.403" endtime="20210608 13:55:33.525"/>
</kw>
<status status="PASS" starttime="20210608 13:55:33.402" endtime="20210608 13:55:33.525"/>
</kw>
<kw name="Press Keys" library="SeleniumLibrary">
<arg>//*[@for="author"]//*[contains(@aria-activedescendant, "react-select")]</arg>
<arg>RETURN</arg>
<doc>Simulates the user pressing key(s) to an element or on the active browser.</doc>
<msg timestamp="20210608 13:55:33.526" level="INFO">Sending key(s) ('RETURN',) to //*[@for="author"]//*[contains(@aria-activedescendant, "react-select")] element.</msg>
<msg timestamp="20210608 13:55:33.829" level="INFO">Pressing special key RETURN to element.</msg>
<msg timestamp="20210608 13:55:33.829" level="INFO">Releasing special key RETURN.</msg>
<status status="PASS" starttime="20210608 13:55:33.525" endtime="20210608 13:55:33.853"/>
</kw>
<status status="PASS" starttime="20210608 13:55:33.343" endtime="20210608 13:55:33.853"/>
</kw>
<kw name="Input Comment Post Name" library="on_comments_page">
<arg>${commentPostName}</arg>
<kw name="Click Comment Author Select Arrow" library="on_comments_page">
<kw name="Click Element" library="SeleniumLibrary">
<arg>//*[contains(@class, "css-1wrt3l9") and @for="author"]//*[@class = "Select-arrow"]</arg>
<doc>Click the element identified by ``locator``.</doc>
<msg timestamp="20210608 13:55:33.855" level="INFO">Clicking element '//*[contains(@class, "css-1wrt3l9") and @for="author"]//*[@class = "Select-arrow"]'.</msg>
<status status="PASS" starttime="20210608 13:55:33.855" endtime="20210608 13:55:33.893"/>
</kw>
<status status="PASS" starttime="20210608 13:55:33.854" endtime="20210608 13:55:33.893"/>
</kw>
<kw name="Input Select Comment Post Name" library="on_comments_page">
<arg>${commentPostName}</arg>
<kw name="Input Text" library="SeleniumLibrary">
<arg>//*[@for="post"]//*[contains(@aria-activedescendant, "react-select")]</arg>
<arg>${commentPostName}</arg>
<doc>Types the given ``text`` into the text field identified by ``locator``.</doc>
<msg timestamp="20210608 13:55:33.895" level="INFO">Typing text 'commentPostName' into text field '//*[@for="post"]//*[contains(@aria-activedescendant, "react-select")]'.</msg>
<status status="PASS" starttime="20210608 13:55:33.894" endtime="20210608 13:55:34.056"/>
</kw>
<status status="PASS" starttime="20210608 13:55:33.893" endtime="20210608 13:55:34.056"/>
</kw>
<kw name="Press Keys" library="SeleniumLibrary">
<arg>//*[@for="post"]//*[contains(@aria-activedescendant, "react-select")]</arg>
<arg>RETURN</arg>
<doc>Simulates the user pressing key(s) to an element or on the active browser.</doc>
<msg timestamp="20210608 13:55:34.057" level="INFO">Sending key(s) ('RETURN',) to //*[@for="post"]//*[contains(@aria-activedescendant, "react-select")] element.</msg>
<msg timestamp="20210608 13:55:34.364" level="INFO">Pressing special key RETURN to element.</msg>
<msg timestamp="20210608 13:55:34.364" level="INFO">Releasing special key RETURN.</msg>
<status status="PASS" starttime="20210608 13:55:34.056" endtime="20210608 13:55:34.397"/>
</kw>
<status status="PASS" starttime="20210608 13:55:33.853" endtime="20210608 13:55:34.397"/>
</kw>
<kw name="Click Create Cancel Button" library="on_comments_page">
<kw name="Click Element" library="SeleniumLibrary">
<arg>//*[@class="css-rd63ky" and @data-button-type="cancel"]</arg>
<doc>Click the element identified by ``locator``.</doc>
<msg timestamp="20210608 13:55:34.397" level="INFO">Clicking element '//*[@class="css-rd63ky" and @data-button-type="cancel"]'.</msg>
<status status="PASS" starttime="20210608 13:55:34.397" endtime="20210608 13:55:34.450"/>
</kw>
<kw name="Wait Until Comments Page Is Visible" library="wait_until">
<kw name="Wait Until Page Contains Element" library="SeleniumLibrary">
<arg>//*[contains(text(), "Create ")]</arg>
<doc>Waits until the element ``locator`` appears on the current page.</doc>
<status status="PASS" starttime="20210608 13:55:34.450" endtime="20210608 13:55:34.460"/>
</kw>
<status status="PASS" starttime="20210608 13:55:34.450" endtime="20210608 13:55:34.460"/>
</kw>
<status status="PASS" starttime="20210608 13:55:34.397" endtime="20210608 13:55:34.460"/>
</kw>
<kw name="Sleep" library="BuiltIn">
<arg>1s</arg>
<doc>Pauses the test executed for the given time.</doc>
<msg timestamp="20210608 13:55:35.470" level="INFO">Slept 1 second</msg>
<status status="PASS" starttime="20210608 13:55:34.460" endtime="20210608 13:55:35.471"/>
</kw>
<kw name="Verify Comments Page Do Not Have Comment With CommentPostName" library="on_comments_page">
<arg>${commentPostName}</arg>
<kw name="Element Should Not Be Visible" library="SeleniumLibrary">
<arg>//a[text()="${commentPostName}"]</arg>
<doc>Verifies that the element identified by ``locator`` is NOT visible.</doc>
<msg timestamp="20210608 13:55:35.510" level="INFO">Element '//a[text()="commentPostName"]' did not exist.</msg>
<status status="PASS" starttime="20210608 13:55:35.475" endtime="20210608 13:55:35.510"/>
</kw>
<status status="PASS" starttime="20210608 13:55:35.472" endtime="20210608 13:55:35.510"/>
</kw>
<kw name="Run Keywords" library="BuiltIn" type="TEARDOWN">
<arg>GO TO Admin Ui Page From Comment Page</arg>
<arg>AND</arg>
<arg>Go To Posts Page From Admin Ui Page</arg>
<arg>AND</arg>
<arg>Delete A Post</arg>
<arg>${commentPostName}</arg>
<arg>AND</arg>
<arg>Sign Out</arg>
<arg>AND</arg>
<arg>Go To Home Page From Sign In Page</arg>
<arg>AND</arg>
<arg>Sleep</arg>
<arg>5s</arg>
<doc>Executes all the given keywords in a sequence.</doc>
<kw name="GO TO Admin Ui Page From Comment Page" library="go_to_page_from_page">
<kw name="Click Go To Admin Ui Page Button" library="on_edit_post_page">
<kw name="Click Element" library="SeleniumLibrary">
<arg>//*[@title="Dashboard - Demo" and @href="/keystone"]</arg>
<doc>Click the element identified by ``locator``.</doc>
<msg timestamp="20210608 13:55:35.513" level="INFO">Clicking element '//*[@title="Dashboard - Demo" and @href="/keystone"]'.</msg>
<status status="PASS" starttime="20210608 13:55:35.512" endtime="20210608 13:55:35.559"/>
</kw>
<status status="PASS" starttime="20210608 13:55:35.512" endtime="20210608 13:55:35.560"/>
</kw>
<status status="PASS" starttime="20210608 13:55:35.511" endtime="20210608 13:55:35.560"/>
</kw>
<kw name="Go To Posts Page From Admin Ui Page" library="go_to_page_from_page">
<kw name="Click A Dashboard Button" library="on_admin_ui_page">
<arg>Posts</arg>
<arg>Posts</arg>
<kw name="Set Variable" library="BuiltIn">
<var>${dashboardButton}</var>
<arg>//*[contains(@data-section-label,'${heading}')]//*[contains(@class, "dashboard-group__list-label") and text()='${lable}']</arg>
<doc>Returns the given values which can then be assigned to a variables.</doc>
<msg timestamp="20210608 13:55:35.563" level="INFO">${dashboardButton} = //*[contains(@data-section-label,'Posts')]//*[contains(@class, "dashboard-group__list-label") and text()='Posts']</msg>
<status status="PASS" starttime="20210608 13:55:35.563" endtime="20210608 13:55:35.563"/>
</kw>
<kw name="Click Element" library="SeleniumLibrary">
<arg>${dashboardButton}</arg>
<doc>Click the element identified by ``locator``.</doc>
<msg timestamp="20210608 13:55:35.564" level="INFO">Clicking element '//*[contains(@data-section-label,'Posts')]//*[contains(@class, "dashboard-group__list-label") and text()='Posts']'.</msg>
<status status="PASS" starttime="20210608 13:55:35.563" endtime="20210608 13:55:35.661"/>
</kw>
<kw name="Wait Until Posts Page Is Visible" library="wait_until">
<kw name="Wait Until Page Contains Element" library="SeleniumLibrary">
<arg>//*[contains(text(), "Manage") or contains(text(), "Create ")]</arg>
<doc>Waits until the element ``locator`` appears on the current page.</doc>
<status status="PASS" starttime="20210608 13:55:35.662" endtime="20210608 13:55:35.681"/>
</kw>
<status status="PASS" starttime="20210608 13:55:35.662" endtime="20210608 13:55:35.681"/>
</kw>
<status status="PASS" starttime="20210608 13:55:35.562" endtime="20210608 13:55:35.682"/>
</kw>
<status status="PASS" starttime="20210608 13:55:35.561" endtime="20210608 13:55:35.682"/>
</kw>
<kw name="Delete A Post" library="on_posts_page">
<arg>${commentPostName}</arg>
<kw name="Click Trash Can button" library="on_posts_page">
<arg>${postName}</arg>
<kw name="Click Element" library="SeleniumLibrary">
<arg>//*[contains(@href, "/keystone/posts/") and text()="${postName}"]/parent::td/parent::tr//*[@class="ItemList__control ItemList__control--delete"]</arg>
<doc>Click the element identified by ``locator``.</doc>
<msg timestamp="20210608 13:55:35.684" level="INFO">Clicking element '//*[contains(@href, "/keystone/posts/") and text()="commentPostName"]/parent::td/parent::tr//*[@class="ItemList__control ItemList__control--delete"]'.</msg>
<status status="PASS" starttime="20210608 13:55:35.684" endtime="20210608 13:55:35.745"/>
</kw>
<kw name="Wait Until Delete Warning Dialog Is Visible" library="wait_until">
<kw name="Wait Until Page Contains Element" library="SeleniumLibrary">
<arg>//*[contains(@data-button-type, "confirm") and contains(text(), "Delete")]</arg>
<doc>Waits until the element ``locator`` appears on the current page.</doc>
<status status="PASS" starttime="20210608 13:55:35.746" endtime="20210608 13:55:35.764"/>
</kw>
<status status="PASS" starttime="20210608 13:55:35.745" endtime="20210608 13:55:35.764"/>
</kw>
<status status="PASS" starttime="20210608 13:55:35.683" endtime="20210608 13:55:35.764"/>
</kw>
<kw name="Click Delete Button" library="on_posts_page">
<kw name="Click Element" library="SeleniumLibrary">
<arg>//*[contains(@data-button-type, "confirm") and contains(text(), "Delete")]</arg>
<doc>Click the element identified by ``locator``.</doc>
<msg timestamp="20210608 13:55:35.766" level="INFO">Clicking element '//*[contains(@data-button-type, "confirm") and contains(text(), "Delete")]'.</msg>
<status status="PASS" starttime="20210608 13:55:35.765" endtime="20210608 13:55:35.820"/>
</kw>
<kw name="Wait Until Posts Page Is Visible" library="wait_until">
<kw name="Wait Until Page Contains Element" library="SeleniumLibrary">
<arg>//*[contains(text(), "Manage") or contains(text(), "Create ")]</arg>
<doc>Waits until the element ``locator`` appears on the current page.</doc>
<status status="PASS" starttime="20210608 13:55:35.822" endtime="20210608 13:55:35.842"/>
</kw>
<status status="PASS" starttime="20210608 13:55:35.821" endtime="20210608 13:55:35.843"/>
</kw>
<status status="PASS" starttime="20210608 13:55:35.765" endtime="20210608 13:55:35.843"/>
</kw>
<status status="PASS" starttime="20210608 13:55:35.682" endtime="20210608 13:55:35.843"/>
</kw>
<kw name="Sign Out" library="on_posts_page">
<kw name="Click Sign Out Button" library="on_posts_page">
<kw name="Click Element" library="SeleniumLibrary">
<arg>//*[@href = "/keystone/signout"]</arg>
<doc>Click the element identified by ``locator``.</doc>
<msg timestamp="20210608 13:55:35.845" level="INFO">Clicking element '//*[@href = "/keystone/signout"]'.</msg>
<status status="PASS" starttime="20210608 13:55:35.845" endtime="20210608 13:55:36.428"/>
</kw>
<kw name="Wait Until Sign In Page Is Visible" library="wait_until">
<kw name="Wait Until Page Contains Element" library="SeleniumLibrary">
<arg>//*[contains(@class, "logo")]</arg>
<doc>Waits until the element ``locator`` appears on the current page.</doc>
<status status="PASS" starttime="20210608 13:55:36.429" endtime="20210608 13:55:36.442"/>
</kw>
<status status="PASS" starttime="20210608 13:55:36.428" endtime="20210608 13:55:36.442"/>
</kw>
<status status="PASS" starttime="20210608 13:55:35.844" endtime="20210608 13:55:36.443"/>
</kw>
<status status="PASS" starttime="20210608 13:55:35.843" endtime="20210608 13:55:36.443"/>
</kw>
<kw name="Go To Home Page From Sign In Page" library="go_to_page_from_page">
<kw name="Click Logo Button" library="on_sign_in_page">
<kw name="Click Element" library="SeleniumLibrary">
<arg>//*[contains(@class, "logo")]</arg>
<doc>Click the element identified by ``locator``.</doc>
<msg timestamp="20210608 13:55:36.445" level="INFO">Clicking element '//*[contains(@class, "logo")]'.</msg>
<status status="PASS" starttime="20210608 13:55:36.445" endtime="20210608 13:55:37.020"/>
</kw>
<kw name="Wait Until Home Page Is Visible" library="wait_until">
<kw name="Wait Until Page Contains Element" library="SeleniumLibrary">
<arg>//*[contains(text(), "Sign in") and @href="/keystone/signin"]</arg>
<doc>Waits until the element ``locator`` appears on the current page.</doc>
<status status="PASS" starttime="20210608 13:55:37.022" endtime="20210608 13:55:37.038"/>
</kw>
<status status="PASS" starttime="20210608 13:55:37.022" endtime="20210608 13:55:37.039"/>
</kw>
<status status="PASS" starttime="20210608 13:55:36.444" endtime="20210608 13:55:37.039"/>
</kw>
<status status="PASS" starttime="20210608 13:55:36.443" endtime="20210608 13:55:37.039"/>
</kw>
<kw name="Sleep" library="BuiltIn">
<arg>5s</arg>
<doc>Pauses the test executed for the given time.</doc>
<msg timestamp="20210608 13:55:42.049" level="INFO">Slept 5 seconds</msg>
<status status="PASS" starttime="20210608 13:55:37.040" endtime="20210608 13:55:42.049"/>
</kw>
<status status="PASS" starttime="20210608 13:55:35.511" endtime="20210608 13:55:42.049"/>
</kw>
<tag>TC-005b</tag>
<status status="PASS" starttime="20210608 13:55:29.689" endtime="20210608 13:55:42.049"/>
</test>
<test id="s1-s2-t3" name="Test Edit Comment">
<kw name="Run Keywords" library="BuiltIn" type="SETUP">
<arg>GO TO Sign In Page From Home Page</arg>
<arg>AND</arg>
<arg>Sign In As Admin</arg>
<arg>AND</arg>
<arg>Go To Posts Page From Admin Ui Page</arg>
<arg>AND</arg>
<arg>Create A Post</arg>
<arg>${commentPostName}</arg>
<arg>AND</arg>
<arg>Go Admin Ui Page From Edit Post Page</arg>
<arg>AND</arg>
<arg>Go To Comments Page From Admin Ui Page</arg>
<arg>AND</arg>
<arg>Create A Comment</arg>
<arg>${commentAuthor}</arg>
<arg>${commentPostName}</arg>
<doc>Executes all the given keywords in a sequence.</doc>
<kw name="GO TO Sign In Page From Home Page" library="go_to_page_from_page">
<kw name="Click Sign In Button" library="on_home_page">
<kw name="Sleep" library="BuiltIn">
<arg>2s</arg>
<doc>Pauses the test executed for the given time.</doc>
<msg timestamp="20210608 13:55:44.060" level="INFO">Slept 2 seconds</msg>
<status status="PASS" starttime="20210608 13:55:42.054" endtime="20210608 13:55:44.060"/>
</kw>
<kw name="Click Element" library="SeleniumLibrary">
<arg>//a[@class="btn btn-default" and contains(text(), "Sign in") and @href="/keystone/signin"]</arg>
<doc>Click the element identified by ``locator``.</doc>
<msg timestamp="20210608 13:55:44.061" level="INFO">Clicking element '//a[@class="btn btn-default" and contains(text(), "Sign in") and @href="/keystone/signin"]'.</msg>
<status status="PASS" starttime="20210608 13:55:44.060" endtime="20210608 13:55:44.334"/>
</kw>
<kw name="Wait Until Sign In Page Is Visible" library="wait_until">
[...]
</kw>
<tag>TC-004b</tag>
<status status="PASS" starttime="20210608 13:58:00.404" endtime="20210608 13:58:13.351"/>
</test>
<kw name="Close Chrome" library="open_and_close_chrom" type="TEARDOWN">
<kw name="Close Browser" library="SeleniumLibrary">
<doc>Closes the current browser.</doc>
<status status="PASS" starttime="20210608 13:58:13.353" endtime="20210608 13:58:15.527"/>
</kw>
<status status="PASS" starttime="20210608 13:58:13.352" endtime="20210608 13:58:15.528"/>
</kw>
<status status="PASS" starttime="20210608 13:56:47.800" endtime="20210608 13:58:15.528"/>
</suite>
<suite id="s1-s5" name="User" source="C:\Users\puppy\Desktop\lab6_code\test_suite\user.robot">
<kw name="Open Chrome And Go To Home Page" library="open_and_close_chrom" type="SETUP">
<kw name="Open Browser" library="SeleniumLibrary">
<arg>${URL}</arg>
<arg>${BROWSER}</arg>
<doc>Opens a new browser instance to the optional ``url``.</doc>
<msg timestamp="20210608 13:58:15.571" level="INFO">Opening browser 'Chrome' to base url 'http://127.0.0.1:3000/'.</msg>
<status status="PASS" starttime="20210608 13:58:15.571" endtime="20210608 13:58:17.577"/>
</kw>
<kw name="Maximize Browser Window" library="SeleniumLibrary">
<doc>Maximizes current browser window.</doc>
<status status="PASS" starttime="20210608 13:58:17.578" endtime="20210608 13:58:17.727"/>
</kw>
<kw name="Wait Until Home Page Is Visible" library="wait_until">
<kw name="Wait Until Page Contains Element" library="SeleniumLibrary">
<arg>//*[contains(text(), "Sign in") and @href="/keystone/signin"]</arg>
<doc>Waits until the element ``locator`` appears on the current page.</doc>
<status status="PASS" starttime="20210608 13:58:17.727" endtime="20210608 13:58:17.742"/>
</kw>
<status status="PASS" starttime="20210608 13:58:17.727" endtime="20210608 13:58:17.742"/>
</kw>
<status status="PASS" starttime="20210608 13:58:15.571" endtime="20210608 13:58:17.742"/>
</kw>
<test id="s1-s5-t1" name="Test Create A User">
<kw name="Run Keywords" library="BuiltIn" type="SETUP">
<arg>GO TO Sign In Page From Home Page</arg>
<arg>AND</arg>
<arg>Sign In As Admin</arg>
<arg>AND</arg>
<arg>Go To Users Page From Admin Ui Page</arg>
<doc>Executes all the given keywords in a sequence.</doc>
<kw name="GO TO Sign In Page From Home Page" library="go_to_page_from_page">
<kw name="Click Sign In Button" library="on_home_page">
<kw name="Sleep" library="BuiltIn">
<arg>2s</arg>
<doc>Pauses the test executed for the given time.</doc>
<msg timestamp="20210608 13:58:19.757" level="INFO">Slept 2 seconds</msg>
<status status="PASS" starttime="20210608 13:58:17.744" endtime="20210608 13:58:19.757"/>
</kw>
<kw name="Click Element" library="SeleniumLibrary">
<arg>//a[@class="btn btn-default" and contains(text(), "Sign in") and @href="/keystone/signin"]</arg>
<doc>Click the element identified by ``locator``.</doc>
<msg timestamp="20210608 13:58:19.758" level="INFO">Clicking element '//a[@class="btn btn-default" and contains(text(), "Sign in") and @href="/keystone/signin"]'.</msg>
<status status="PASS" starttime="20210608 13:58:19.757" endtime="20210608 13:58:20.048"/>
</kw>
<kw name="Wait Until Sign In Page Is Visible" library="wait_until">
<kw name="Wait Until Page Contains Element" library="SeleniumLibrary">
<arg>//*[contains(@class, "logo")]</arg>
<doc>Waits until the element ``locator`` appears on the current page.</doc>
<status status="PASS" starttime="20210608 13:58:20.049" endtime="20210608 13:58:20.066"/>
</kw>
<status status="PASS" starttime="20210608 13:58:20.048" endtime="20210608 13:58:20.066"/>
</kw>
<status status="PASS" starttime="20210608 13:58:17.744" endtime="20210608 13:58:20.066"/>
</kw>
<status status="PASS" starttime="20210608 13:58:17.743" endtime="20210608 13:58:20.066"/>
</kw>
<kw name="Sign In As Admin" library="on_sign_in_page">
<kw name="Input Email" library="on_sign_in_page">
<arg>demo@keystonejs.com</arg>
<kw name="Input Text" library="SeleniumLibrary">
<arg>//*[@name="email"]</arg>
<arg>${email}</arg>
<doc>Types the given ``text`` into the text field identified by ``locator``.</doc>
<msg timestamp="20210608 13:58:20.068" level="INFO">Typing text 'demo@keystonejs.com' into text field '//*[@name="email"]'.</msg>
<status status="PASS" starttime="20210608 13:58:20.068" endtime="20210608 13:58:20.194"/>
</kw>
<status status="PASS" starttime="20210608 13:58:20.067" endtime="20210608 13:58:20.194"/>
</kw>
<kw name="Input Password" library="on_sign_in_page">
<arg>demo</arg>
<kw name="Input Text" library="SeleniumLibrary">
<arg>//*[@name="password"]</arg>
<arg>${password}</arg>
<doc>Types the given ``text`` into the text field identified by ``locator``.</doc>
<msg timestamp="20210608 13:58:20.195" level="INFO">Typing text 'demo' into text field '//*[@name="password"]'.</msg>
<status status="PASS" starttime="20210608 13:58:20.195" endtime="20210608 13:58:20.286"/>
</kw>
<status status="PASS" starttime="20210608 13:58:20.195" endtime="20210608 13:58:20.287"/>
</kw>
<kw name="Submit Email And Password" library="on_sign_in_page">
<kw name="Submit Form" library="SeleniumLibrary">
<doc>Submits a form identified by ``locator``.</doc>
<msg timestamp="20210608 13:58:20.287" level="INFO">Submitting form 'None'.</msg>
<status status="PASS" starttime="20210608 13:58:20.287" endtime="20210608 13:58:20.319"/>
</kw>
<status status="PASS" starttime="20210608 13:58:20.287" endtime="20210608 13:58:20.319"/>
</kw>
<kw name="Wait Until Admin Ui Page Is Visible" library="wait_until">
<kw name="Wait Until Page Contains Element" library="SeleniumLibrary">
<arg>//*[contains(@class, "dashboard-group")]</arg>
<doc>Waits until the element ``locator`` appears on the current page.</doc>
<status status="PASS" starttime="20210608 13:58:20.320" endtime="20210608 13:58:20.949"/>
</kw>
<status status="PASS" starttime="20210608 13:58:20.319" endtime="20210608 13:58:20.949"/>
</kw>
<status status="PASS" starttime="20210608 13:58:20.067" endtime="20210608 13:58:20.949"/>
</kw>
<kw name="Go To Users Page From Admin Ui Page" library="go_to_page_from_page">
<kw name="Click A Dashboard Button" library="on_admin_ui_page">
<arg>Users</arg>
<arg>Users</arg>
<kw name="Set Variable" library="BuiltIn">
<var>${dashboardButton}</var>
<arg>//*[contains(@data-section-label,'${heading}')]//*[contains(@class, "dashboard-group__list-label") and text()='${lable}']</arg>
<doc>Returns the given values which can then be assigned to a variables.</doc>
<msg timestamp="20210608 13:58:20.951" level="INFO">${dashboardButton} = //*[contains(@data-section-label,'Users')]//*[contains(@class, "dashboard-group__list-label") and text()='Users']</msg>
<status status="PASS" starttime="20210608 13:58:20.950" endtime="20210608 13:58:20.951"/>
</kw>
<kw name="Click Element" library="SeleniumLibrary">
<arg>${dashboardButton}</arg>
<doc>Click the element identified by ``locator``.</doc>
<msg timestamp="20210608 13:58:20.951" level="INFO">Clicking element '//*[contains(@data-section-label,'Users')]//*[contains(@class, "dashboard-group__list-label") and text()='Users']'.</msg>
<status status="PASS" starttime="20210608 13:58:20.951" endtime="20210608 13:58:21.017"/>
</kw>
<kw name="Wait Until Posts Page Is Visible" library="wait_until">
<kw name="Wait Until Page Contains Element" library="SeleniumLibrary">
<arg>//*[contains(text(), "Manage") or contains(text(), "Create ")]</arg>
<doc>Waits until the element ``locator`` appears on the current page.</doc>
<status status="PASS" starttime="20210608 13:58:21.017" endtime="20210608 13:58:21.297"/>
</kw>
<status status="PASS" starttime="20210608 13:58:21.017" endtime="20210608 13:58:21.297"/>
</kw>
<status status="PASS" starttime="20210608 13:58:20.950" endtime="20210608 13:58:21.297"/>
</kw>
<status status="PASS" starttime="20210608 13:58:20.950" endtime="20210608 13:58:21.298"/>
</kw>
<status status="PASS" starttime="20210608 13:58:17.743" endtime="20210608 13:58:21.298"/>
</kw>
<kw name="Create A User" library="on_users_page">
<arg>${userFirstName}</arg>
<arg>${userLastName}</arg>
<arg>${userEmail}</arg>
<arg>${userPassword}</arg>
<kw name="Click Create User Button" library="on_users_page">
<kw name="Click Element" library="SeleniumLibrary">
<arg>//*[contains(text(), "Create ")]</arg>
<doc>Click the element identified by ``locator``.</doc>
<msg timestamp="20210608 13:58:21.299" level="INFO">Clicking element '//*[contains(text(), "Create ")]'.</msg>
<status status="PASS" starttime="20210608 13:58:21.299" endtime="20210608 13:58:21.394"/>
</kw>
<kw name="Wait Until Create A New User Dialog Is Visible" library="wait_until">
<kw name="Wait Until Page Contains Element" library="SeleniumLibrary">
<arg>//*[text()="Create a new User"]</arg>
<doc>Waits until the element ``locator`` appears on the current page.</doc>
<status status="PASS" starttime="20210608 13:58:21.395" endtime="20210608 13:58:21.411"/>
</kw>
<status status="PASS" starttime="20210608 13:58:21.394" endtime="20210608 13:58:21.411"/>
</kw>
<status status="PASS" starttime="20210608 13:58:21.299" endtime="20210608 13:58:21.412"/>
</kw>
<kw name="Input User First Name" library="on_users_page">
<arg>${userFirstName}</arg>
<kw name="Input Text" library="SeleniumLibrary">
<arg>//*[@name="name.first"]</arg>
<arg>${userFirstName}</arg>
<doc>Types the given ``text`` into the text field identified by ``locator``.</doc>
<msg timestamp="20210608 13:58:21.414" level="INFO">Typing text 'userFirstName' into text field '//*[@name="name.first"]'.</msg>
<status status="PASS" starttime="20210608 13:58:21.413" endtime="20210608 13:58:21.537"/>
</kw>
<status status="PASS" starttime="20210608 13:58:21.412" endtime="20210608 13:58:21.537"/>
</kw>
<kw name="Input User Last Name" library="on_users_page">
<arg>${userLastName}</arg>
<kw name="Input Text" library="SeleniumLibrary">
<arg>//*[@name="name.last"]</arg>
<arg>${userLastName}</arg>
<doc>Types the given ``text`` into the text field identified by ``locator``.</doc>
<msg timestamp="20210608 13:58:21.540" level="INFO">Typing text 'userLastName' into text field '//*[@name="name.last"]'.</msg>
<status status="PASS" starttime="20210608 13:58:21.539" endtime="20210608 13:58:21.646"/>
</kw>
<status status="PASS" starttime="20210608 13:58:21.537" endtime="20210608 13:58:21.647"/>
</kw>
<kw name="Input User Email" library="on_users_page">
<arg>${userEmail}</arg>
<kw name="Evaluate" library="BuiltIn">
<var>${uuid}</var>
<arg>uuid.uuid4()</arg>
<arg>modules=uuid</arg>
<doc>Evaluates the given expression in Python and returns the result.</doc>
<msg timestamp="20210608 13:58:21.648" level="INFO">${uuid} = 27493036-a6c3-4fe4-b6a5-be1cb426a2c1</msg>
<status status="PASS" starttime="20210608 13:58:21.647" endtime="20210608 13:58:21.648"/>
</kw>
<kw name="Input Text" library="SeleniumLibrary">
<arg>//*[@name="email"]</arg>
<arg>${uuid}${userEmail}</arg>
<doc>Types the given ``text`` into the text field identified by ``locator``.</doc>
<msg timestamp="20210608 13:58:21.648" level="INFO">Typing text '27493036-a6c3-4fe4-b6a5-be1cb426a2c1abcc@ntut.org.tw' into text field '//*[@name="email"]'.</msg>
<status status="PASS" starttime="20210608 13:58:21.648" endtime="20210608 13:58:21.841"/>
</kw>
<status status="PASS" starttime="20210608 13:58:21.647" endtime="20210608 13:58:21.841"/>
</kw>
<kw name="Input User Password" library="on_users_page">
<arg>${userPassword}</arg>
<kw name="Input Text" library="SeleniumLibrary">
<arg>//*[@name="password"]</arg>
<arg>${userPassword}</arg>
<doc>Types the given ``text`` into the text field identified by ``locator``.</doc>
<msg timestamp="20210608 13:58:21.842" level="INFO">Typing text 'userPassword' into text field '//*[@name="password"]'.</msg>
<status status="PASS" starttime="20210608 13:58:21.842" endtime="20210608 13:58:21.932"/>
</kw>
<status status="PASS" starttime="20210608 13:58:21.841" endtime="20210608 13:58:21.933"/>
</kw>
<kw name="Input User Password Confirm" library="on_users_page">
<arg>${userPassword}</arg>
<kw name="Input Text" library="SeleniumLibrary">
<arg>//*[@name="password_confirm"]</arg>
<arg>${userPasswordConfirm}</arg>
<doc>Types the given ``text`` into the text field identified by ``locator``.</doc>
<msg timestamp="20210608 13:58:21.934" level="INFO">Typing text 'userPassword' into text field '//*[@name="password_confirm"]'.</msg>
<status status="PASS" starttime="20210608 13:58:21.933" endtime="20210608 13:58:22.035"/>
</kw>
<status status="PASS" starttime="20210608 13:58:21.933" endtime="20210608 13:58:22.035"/>
</kw>
<kw name="Submit Form" library="SeleniumLibrary">
<doc>Submits a form identified by ``locator``.</doc>
<msg timestamp="20210608 13:58:22.035" level="INFO">Submitting form 'None'.</msg>
<status status="PASS" starttime="20210608 13:58:22.035" endtime="20210608 13:58:22.069"/>
</kw>
<kw name="Wait Until Edit User Page Is Visible" library="wait_until">
<kw name="Wait Until Page Contains Element" library="SeleniumLibrary">
<arg>//*[contains(@data-e2e-editform-header-back, "true") and contains(@href, "/keystone/users")]</arg>
<doc>Waits until the element ``locator`` appears on the current page.</doc>
<status status="PASS" starttime="20210608 13:58:22.070" endtime="20210608 13:58:22.524"/>
</kw>
<status status="PASS" starttime="20210608 13:58:22.069" endtime="20210608 13:58:22.525"/>
</kw>
<status status="PASS" starttime="20210608 13:58:21.298" endtime="20210608 13:58:22.525"/>
</kw>
<kw name="Go To Users Page From Edit User Page" library="go_to_page_from_page">
<kw name="Click Go Back To Users Page Button" library="on_edit_user_page">
<kw name="Click Element" library="SeleniumLibrary">
<arg>//*[@class="css-dmf4a8" and @href="/keystone/users"]</arg>
<doc>Click the element identified by ``locator``.</doc>
<msg timestamp="20210608 13:58:22.526" level="INFO">Clicking element '//*[@class="css-dmf4a8" and @href="/keystone/users"]'.</msg>
<status status="PASS" starttime="20210608 13:58:22.526" endtime="20210608 13:58:22.644"/>
</kw>
<kw name="Wait Until Posts Page Is Visible" library="wait_until">
<kw name="Wait Until Page Contains Element" library="SeleniumLibrary">
<arg>//*[contains(text(), "Manage") or contains(text(), "Create ")]</arg>
<doc>Waits until the element ``locator`` appears on the current page.</doc>
<status status="PASS" starttime="20210608 13:58:22.644" endtime="20210608 13:58:22.654"/>
</kw>
<status status="PASS" starttime="20210608 13:58:22.644" endtime="20210608 13:58:22.654"/>
</kw>
<status status="PASS" starttime="20210608 13:58:22.525" endtime="20210608 13:58:22.654"/>
</kw>
<status status="PASS" starttime="20210608 13:58:22.525" endtime="20210608 13:58:22.654"/>
</kw>
<kw name="Verify Users Page Have User" library="on_users_page">
<arg>${userFirstName}</arg>
<kw name="Wait Until Element Is Visible" library="SeleniumLibrary">
<arg>//*[contains(@href, "/keystone/users/") and contains(text(), "${userFirstName}")]</arg>
<doc>Waits until the element ``locator`` is visible.</doc>
<status status="PASS" starttime="20210608 13:58:22.656" endtime="20210608 13:58:22.682"/>
</kw>
<status status="PASS" starttime="20210608 13:58:22.655" endtime="20210608 13:58:22.682"/>
</kw>
<kw name="Run Keywords" library="BuiltIn" type="TEARDOWN">
<arg>Sign Out</arg>
<arg>AND</arg>
<arg>Go To Home Page From Sign In Page</arg>
<arg>AND</arg>
<arg>Sleep</arg>
<arg>5s</arg>
<doc>Executes all the given keywords in a sequence.</doc>
<kw name="Sign Out" library="on_posts_page">
<kw name="Click Sign Out Button" library="on_posts_page">
<kw name="Click Element" library="SeleniumLibrary">
<arg>//*[@href = "/keystone/signout"]</arg>
<doc>Click the element identified by ``locator``.</doc>
<msg timestamp="20210608 13:58:22.684" level="INFO">Clicking element '//*[@href = "/keystone/signout"]'.</msg>
<status status="PASS" starttime="20210608 13:58:22.684" endtime="20210608 13:58:22.810"/>
</kw>
<kw name="Wait Until Sign In Page Is Visible" library="wait_until">
<kw name="Wait Until Page Contains Element" library="SeleniumLibrary">
<arg>//*[contains(@class, "logo")]</arg>
<doc>Waits until the element ``locator`` appears on the current page.</doc>
<status status="PASS" starttime="20210608 13:58:22.811" endtime="20210608 13:58:22.821"/>
</kw>
<status status="PASS" starttime="20210608 13:58:22.811" endtime="20210608 13:58:22.821"/>
</kw>
<status status="PASS" starttime="20210608 13:58:22.683" endtime="20210608 13:58:22.821"/>
</kw>
<status status="PASS" starttime="20210608 13:58:22.683" endtime="20210608 13:58:22.821"/>
</kw>
<kw name="Go To Home Page From Sign In Page" library="go_to_page_from_page">
<kw name="Click Logo Button" library="on_sign_in_page">
<kw name="Click Element" library="SeleniumLibrary">
<arg>//*[contains(@class, "logo")]</arg>
<doc>Click the element identified by ``locator``.</doc>
<msg timestamp="20210608 13:58:22.824" level="INFO">Clicking element '//*[contains(@class, "logo")]'.</msg>
<status status="PASS" starttime="20210608 13:58:22.823" endtime="20210608 13:58:23.053"/>
</kw>
<kw name="Wait Until Home Page Is Visible" library="wait_until">
<kw name="Wait Until Page Contains Element" library="SeleniumLibrary">
<arg>//*[contains(text(), "Sign in") and @href="/keystone/signin"]</arg>
<doc>Waits until the element ``locator`` appears on the current page.</doc>
<status status="PASS" starttime="20210608 13:58:23.054" endtime="20210608 13:58:23.063"/>
</kw>
<status status="PASS" starttime="20210608 13:58:23.053" endtime="20210608 13:58:23.063"/>
</kw>
<status status="PASS" starttime="20210608 13:58:22.823" endtime="20210608 13:58:23.064"/>
</kw>
<status status="PASS" starttime="20210608 13:58:22.822" endtime="20210608 13:58:23.064"/>
</kw>
<kw name="Sleep" library="BuiltIn">
<arg>5s</arg>
<doc>Pauses the test executed for the given time.</doc>
<msg timestamp="20210608 13:58:28.078" level="INFO">Slept 5 seconds</msg>
<status status="PASS" starttime="20210608 13:58:23.064" endtime="20210608 13:58:28.078"/>
</kw>
<status status="PASS" starttime="20210608 13:58:22.683" endtime="20210608 13:58:28.078"/>
</kw>
<tag>TC-010a</tag>
<status status="PASS" starttime="20210608 13:58:17.742" endtime="20210608 13:58:28.078"/>
</test>
<kw name="Close Chrome" library="open_and_close_chrom" type="TEARDOWN">
<kw name="Close Browser" library="SeleniumLibrary">
<doc>Closes the current browser.</doc>
<status status="PASS" starttime="20210608 13:58:28.079" endtime="20210608 13:58:30.220"/>
</kw>
<status status="PASS" starttime="20210608 13:58:28.079" endtime="20210608 13:58:30.221"/>
</kw>
<status status="PASS" starttime="20210608 13:58:15.533" endtime="20210608 13:58:30.221"/>
</suite>
<status status="PASS" starttime="20210608 13:54:57.056" endtime="20210608 13:58:30.228"/>
</suite>
<statistics>
<total>
<stat pass="15" fail="0" skip="0">All Tests</stat>
</total>
<tag>
<stat pass="1" fail="0" skip="0">TC-001a</stat>
<stat pass="1" fail="0" skip="0">TC-001b</stat>
<stat pass="1" fail="0" skip="0">TC-002a</stat>
<stat pass="1" fail="0" skip="0">TC-003a</stat>
<stat pass="1" fail="0" skip="0">TC-003b</stat>
<stat pass="1" fail="0" skip="0">TC-004a</stat>
<stat pass="1" fail="0" skip="0">TC-004b</stat>
<stat pass="1" fail="0" skip="0">TC-005a</stat>
<stat pass="1" fail="0" skip="0">TC-005b</stat>
<stat pass="1" fail="0" skip="0">TC-006a</stat>
<stat pass="1" fail="0" skip="0">TC-007a</stat>
<stat pass="1" fail="0" skip="0">TC-007b</stat>
<stat pass="1" fail="0" skip="0">TC-008a</stat>
<stat pass="1" fail="0" skip="0">TC-009a</stat>
<stat pass="1" fail="0" skip="0">TC-010a</stat>
</tag>
<suite>
<stat pass="15" fail="0" skip="0" id="s1" name="Test Suite">Test Suite</stat>
<stat pass="1" fail="0" skip="0" id="s1-s1" name="Category">Test Suite.Category</stat>
<stat pass="5" fail="0" skip="0" id="s1-s2" name="Comment">Test Suite.Comment</stat>
<stat pass="1" fail="0" skip="0" id="s1-s3" name="Enquirie">Test Suite.Enquirie</stat>
<stat pass="7" fail="0" skip="0" id="s1-s4" name="Post">Test Suite.Post</stat>
<stat pass="1" fail="0" skip="0" id="s1-s5" name="User">Test Suite.User</stat>
</suite>
</statistics>
<errors>
</errors>
</robot>
